<testsuites id="" name="" tests="10" failures="0" skipped="0" errors="0" time="83.01824">
<testsuite name="specs/admin-dashboard-functionality.spec.ts" timestamp="2026-02-27T16:40:27.237Z" hostname="chromium" tests="6" failures="0" skipped="0" time="136.95" errors="0">
<testcase name="Admin Dashboard Functionality › Users page loads without React errors" classname="specs/admin-dashboard-functionality.spec.ts" time="16.599">
</testcase>
<testcase name="Admin Dashboard Functionality › Analytics page loads with error boundaries" classname="specs/admin-dashboard-functionality.spec.ts" time="21.28">
</testcase>
<testcase name="Admin Dashboard Functionality › Performance page loads with timeout handling" classname="specs/admin-dashboard-functionality.spec.ts" time="20.75">
</testcase>
<testcase name="Admin Dashboard Functionality › All admin pages have error boundaries" classname="specs/admin-dashboard-functionality.spec.ts" time="44.066">
</testcase>
<testcase name="Admin Dashboard Functionality › Widget dashboard renders without React errors" classname="specs/admin-dashboard-functionality.spec.ts" time="18.268">
</testcase>
<testcase name="Admin Dashboard Functionality › No debug agent log code in production" classname="specs/admin-dashboard-functionality.spec.ts" time="15.987">
</testcase>
</testsuite>
<testsuite name="specs/admin-dashboard-verification.spec.ts" timestamp="2026-02-27T16:40:27.237Z" hostname="chromium" tests="4" failures="0" skipped="0" time="93.297" errors="0">
<testcase name="Admin Dashboard Verification › Users page loads without React error #185" classname="specs/admin-dashboard-verification.spec.ts" time="16.331">
</testcase>
<testcase name="Admin Dashboard Verification › Analytics page loads without React error #185" classname="specs/admin-dashboard-verification.spec.ts" time="17.226">
</testcase>
<testcase name="Admin Dashboard Verification › Performance page loads without React error #185" classname="specs/admin-dashboard-verification.spec.ts" time="18.621">
</testcase>
<testcase name="Admin Dashboard Verification › All admin pages load without React error #185" classname="specs/admin-dashboard-verification.spec.ts" time="41.119">
</testcase>
</testsuite>
</testsuites>