components/auth/SocialLoginButtons.tsx(80,48): error TS2345: Argument of type 'string' is not assignable to parameter of type 'OAuthProvider'.
components/auth/SocialLoginButtons.tsx(86,24): error TS2551: Property 'bgColor' does not exist on type 'SocialLoginOption'. Did you mean 'color'?
components/privacy/PrivacyLevelSelector.tsx(30,55): error TS2345: Argument of type '{ title: string; description: string; category?: string | undefined; }' is not assignable to parameter of type '{ title: string; description: string; category: string; }'.
  Types of property 'category' are incompatible.
    Type 'string | undefined' is not assignable to type 'string'.
      Type 'undefined' is not assignable to type 'string'.
components/privacy/PrivacyLevelSelector.tsx(33,35): error TS2322: Type '"public"' is not assignable to type 'PrivacyLevel'.
components/privacy/PrivacyLevelSelector.tsx(33,45): error TS2322: Type '"private"' is not assignable to type 'PrivacyLevel'.
components/privacy/PrivacyLevelSelector.tsx(33,56): error TS2322: Type '"high-privacy"' is not assignable to type 'PrivacyLevel'.
components/privacy/PrivacyLevelSelector.tsx(44,33): error TS7053: Element implicitly has an 'any' type because expression of type '"public" | PrivacyLevel' can't be used to index type '{ minimal: { title: string; description: string; }; standard: { title: string; description: string; }; enhanced: { title: string; description: string; }; maximum: { title: string; description: string; }; }'.
  Property 'public' does not exist on type '{ minimal: { title: string; description: string; }; standard: { title: string; description: string; }; enhanced: { title: string; description: string; }; maximum: { title: string; description: string; }; }'.
components/privacy/PrivacyLevelSelector.tsx(143,16): error TS2367: This comparison appears to be unintentional because the types 'PrivacyLevel' and '"public"' have no overlap.
components/privacy/PrivacyLevelSelector.tsx(144,16): error TS2367: This comparison appears to be unintentional because the types 'PrivacyLevel' and '"private"' have no overlap.
components/privacy/PrivacyLevelSelector.tsx(145,16): error TS2367: This comparison appears to be unintentional because the types 'PrivacyLevel' and '"high-privacy"' have no overlap.
features/auth/lib/social-auth-config.ts(7,5): error TS2353: Object literal may only specify known properties, and 'description' does not exist in type 'SocialLoginOption'.
features/auth/lib/social-auth-config.ts(19,5): error TS2353: Object literal may only specify known properties, and 'description' does not exist in type 'SocialLoginOption'.
features/auth/lib/social-auth-config.ts(31,5): error TS2353: Object literal may only specify known properties, and 'description' does not exist in type 'SocialLoginOption'.
features/auth/lib/social-auth-config.ts(43,5): error TS2353: Object literal may only specify known properties, and 'description' does not exist in type 'SocialLoginOption'.
features/auth/lib/social-auth-config.ts(55,5): error TS2353: Object literal may only specify known properties, and 'description' does not exist in type 'SocialLoginOption'.
features/auth/lib/social-auth-config.ts(67,5): error TS2353: Object literal may only specify known properties, and 'description' does not exist in type 'SocialLoginOption'.
features/auth/lib/social-auth-config.ts(79,5): error TS2353: Object literal may only specify known properties, and 'description' does not exist in type 'SocialLoginOption'.
features/auth/lib/social-auth-config.ts(91,5): error TS2353: Object literal may only specify known properties, and 'description' does not exist in type 'SocialLoginOption'.
features/civics/sources/civicinfo/index.ts(7,15): error TS2459: Module '"../../ingest/connectors/civicinfo"' declares 'AddressLookupResult' locally, but it is not exported.
features/polls/components/CreatePollForm.tsx(36,5): error TS2322: Type '"public"' is not assignable to type 'PrivacyLevel'.
features/polls/components/CreatePollForm.tsx(145,7): error TS2322: Type 'string | undefined' is not assignable to type 'string'.
  Type 'undefined' is not assignable to type 'string'.
features/polls/components/CreatePollForm.tsx(379,16): error TS2367: This comparison appears to be unintentional because the types 'PrivacyLevel' and '"public"' have no overlap.
features/polls/components/CreatePollForm.tsx(380,16): error TS2367: This comparison appears to be unintentional because the types 'PrivacyLevel' and '"private"' have no overlap.
features/polls/components/CreatePollForm.tsx(381,16): error TS2367: This comparison appears to be unintentional because the types 'PrivacyLevel' and '"high-privacy"' have no overlap.
features/polls/components/CreatePollForm.tsx(385,18): error TS2367: This comparison appears to be unintentional because the types 'PrivacyLevel' and '"public"' have no overlap.
features/polls/components/CreatePollForm.tsx(386,18): error TS2367: This comparison appears to be unintentional because the types 'PrivacyLevel' and '"private"' have no overlap.
features/polls/components/CreatePollForm.tsx(387,18): error TS2367: This comparison appears to be unintentional because the types 'PrivacyLevel' and '"high-privacy"' have no overlap.
features/polls/components/CreatePollForm.tsx(390,18): error TS2367: This comparison appears to be unintentional because the types 'PrivacyLevel' and '"public"' have no overlap.
features/polls/components/CreatePollForm.tsx(391,18): error TS2367: This comparison appears to be unintentional because the types 'PrivacyLevel' and '"private"' have no overlap.
features/polls/components/CreatePollForm.tsx(392,18): error TS2367: This comparison appears to be unintentional because the types 'PrivacyLevel' and '"high-privacy"' have no overlap.
features/polls/components/OptimizedPollResults.tsx(87,50): error TS2339: Property 'voteCount' does not exist on type 'string'.
features/polls/components/OptimizedPollResults.tsx(87,64): error TS2339: Property 'voteCount' does not exist on type 'string'.
features/polls/components/OptimizedPollResults.tsx(105,33): error TS2538: Type 'undefined' cannot be used as an index type.
features/polls/components/OptimizedPollResults.tsx(220,64): error TS2339: Property 'kAnonymitySatisfied' does not exist on type 'OptimizedPollResult'.
features/polls/components/OptimizedPollResults.tsx(221,37): error TS2339: Property 'kAnonymitySatisfied' does not exist on type 'OptimizedPollResult'.
features/polls/components/OptimizedPollResults.tsx(225,34): error TS2339: Property 'privacyBudgetRemaining' does not exist on type 'OptimizedPollResult'.
features/polls/components/OptimizedPollResults.tsx(242,64): error TS2339: Property 'canVote' does not exist on type 'OptimizedPollResult'.
features/polls/components/OptimizedPollResults.tsx(243,24): error TS2339: Property 'canVote' does not exist on type 'OptimizedPollResult'.
features/polls/components/OptimizedPollResults.tsx(245,64): error TS2339: Property 'hasVoted' does not exist on type 'OptimizedPollResult'.
features/polls/components/OptimizedPollResults.tsx(246,24): error TS2339: Property 'hasVoted' does not exist on type 'OptimizedPollResult'.
features/polls/components/OptimizedPollResults.tsx(257,30): error TS2339: Property 'optionId' does not exist on type 'string'.
features/polls/components/OptimizedPollResults.tsx(259,67): error TS2339: Property 'label' does not exist on type 'string'.
features/polls/components/OptimizedPollResults.tsx(261,27): error TS2339: Property 'voteCount' does not exist on type 'string'.
features/polls/components/OptimizedPollResults.tsx(261,53): error TS2339: Property 'votePercentage' does not exist on type 'string'.
features/polls/components/OptimizedPollResults.tsx(267,45): error TS2339: Property 'votePercentage' does not exist on type 'string'.
features/polls/components/OptimizedPollResults.tsx(271,25): error TS2339: Property 'uniqueVoters' does not exist on type 'string'.
features/polls/components/PrivatePollResults.tsx(30,42): error TS2315: Type 'PrivateQueryResult' is not generic.
features/polls/components/PrivatePollResults.tsx(40,56): error TS2339: Property 'getPrivatePollResults' does not exist on type 'DifferentialPrivacyManager'.
features/polls/components/PrivatePollResults.tsx(59,48): error TS2551: Property 'getPrivacyBudget' does not exist on type 'DifferentialPrivacyManager'. Did you mean 'hasPrivacyBudget'?
features/polls/components/PrivatePollResults.tsx(182,32): error TS7006: Parameter 'result' implicitly has an 'any' type.
features/polls/components/PrivatePollResults.tsx(182,40): error TS7006: Parameter 'index' implicitly has an 'any' type.
features/polls/pages/create/page.tsx(24,5): error TS2322: Type '"food"' is not assignable to type 'PollCategory'.
features/polls/pages/create/page.tsx(25,5): error TS2322: Type '"travel"' is not assignable to type 'PollCategory'.
features/polls/pages/create/page.tsx(26,5): error TS2322: Type '"fashion"' is not assignable to type 'PollCategory'.
features/polls/pages/create/page.tsx(27,5): error TS2322: Type '"finance"' is not assignable to type 'PollCategory'.
features/polls/pages/create/page.tsx(36,5): error TS2339: Property 'progress' does not exist on type '{ wizardState: PollWizardState; nextStep: () => void; prevStep: () => void; goToStep: (step: number) => void; updateData: (updates: Partial<PollWizardData>) => void; ... 8 more ...; validateStep: (step: number) => Record<...>; }'.
features/polls/pages/create/page.tsx(37,5): error TS2339: Property 'updateWizardData' does not exist on type '{ wizardState: PollWizardState; nextStep: () => void; prevStep: () => void; goToStep: (step: number) => void; updateData: (updates: Partial<PollWizardData>) => void; ... 8 more ...; validateStep: (step: number) => Record<...>; }'.
features/polls/pages/create/page.tsx(39,5): error TS2339: Property 'previousStep' does not exist on type '{ wizardState: PollWizardState; nextStep: () => void; prevStep: () => void; goToStep: (step: number) => void; updateData: (updates: Partial<PollWizardData>) => void; ... 8 more ...; validateStep: (step: number) => Record<...>; }'.
features/polls/pages/create/page.tsx(43,5): error TS2339: Property 'updateSettings' does not exist on type '{ wizardState: PollWizardState; nextStep: () => void; prevStep: () => void; goToStep: (step: number) => void; updateData: (updates: Partial<PollWizardData>) => void; ... 8 more ...; validateStep: (step: number) => Record<...>; }'.
features/polls/pages/create/page.tsx(255,49): error TS2339: Property 'settings' does not exist on type 'PollWizardData'.
features/polls/pages/create/page.tsx(265,49): error TS2339: Property 'settings' does not exist on type 'PollWizardData'.
features/polls/pages/create/page.tsx(275,49): error TS2339: Property 'settings' does not exist on type 'PollWizardData'.
features/polls/pages/create/page.tsx(285,49): error TS2339: Property 'settings' does not exist on type 'PollWizardData'.
features/polls/pages/create/page.tsx(301,47): error TS2339: Property 'settings' does not exist on type 'PollWizardData'.
features/polls/pages/create/page.tsx(314,47): error TS2339: Property 'settings' does not exist on type 'PollWizardData'.
features/polls/pages/create/page.tsx(329,49): error TS2339: Property 'settings' does not exist on type 'PollWizardData'.
features/polls/pages/create/page.tsx(379,51): error TS2339: Property 'settings' does not exist on type 'PollWizardData'.
features/polls/pages/create/page.tsx(380,50): error TS2339: Property 'settings' does not exist on type 'PollWizardData'.
features/polls/pages/create/page.tsx(381,58): error TS2339: Property 'settings' does not exist on type 'PollWizardData'.
features/polls/pages/create/page.tsx(382,53): error TS2339: Property 'settings' does not exist on type 'PollWizardData'.
features/polls/pages/create/page.tsx(406,28): error TS7006: Parameter 'step' implicitly has an 'any' type.
features/polls/pages/create/page.tsx(406,34): error TS7006: Parameter 'index' implicitly has an 'any' type.
features/polls/pages/create/page.tsx(454,36): error TS2339: Property 'canGoBack' does not exist on type 'PollWizardState'.
features/polls/pages/create/page.tsx(465,40): error TS2339: Property 'canProceed' does not exist on type 'PollWizardState'.
features/polls/pages/create/page.tsx(473,40): error TS2339: Property 'canProceed' does not exist on type 'PollWizardState'.
features/polls/pages/templates/page.tsx(15,3): error TS2322: Type '{ id: string; name: string; description: string; icon: string; color: string; templateCount: number; }' is not assignable to type 'TemplateCategory'.
features/polls/pages/templates/page.tsx(16,3): error TS2322: Type '{ id: string; name: string; description: string; icon: string; color: string; templateCount: number; }' is not assignable to type 'TemplateCategory'.
features/polls/pages/templates/page.tsx(17,3): error TS2322: Type '{ id: string; name: string; description: string; icon: string; color: string; templateCount: number; }' is not assignable to type 'TemplateCategory'.
features/polls/pages/templates/page.tsx(18,3): error TS2322: Type '{ id: string; name: string; description: string; icon: string; color: string; templateCount: number; }' is not assignable to type 'TemplateCategory'.
features/polls/pages/templates/page.tsx(19,3): error TS2322: Type '{ id: string; name: string; description: string; icon: string; color: string; templateCount: number; }' is not assignable to type 'TemplateCategory'.
features/polls/pages/templates/page.tsx(20,3): error TS2322: Type '{ id: string; name: string; description: string; icon: string; color: string; templateCount: number; }' is not assignable to type 'TemplateCategory'.
features/polls/pages/templates/page.tsx(21,3): error TS2322: Type '{ id: string; name: string; description: string; icon: string; color: string; templateCount: number; }' is not assignable to type 'TemplateCategory'.
features/polls/pages/templates/page.tsx(22,3): error TS2322: Type '{ id: string; name: string; description: string; icon: string; color: string; templateCount: number; }' is not assignable to type 'TemplateCategory'.
features/polls/pages/templates/page.tsx(31,5): error TS2322: Type '"beginner"' is not assignable to type '"medium" | "easy" | "hard"'.
features/polls/pages/templates/page.tsx(59,5): error TS2322: Type '"intermediate"' is not assignable to type '"medium" | "easy" | "hard"'.
features/polls/pages/templates/page.tsx(87,5): error TS2322: Type '"beginner"' is not assignable to type '"medium" | "easy" | "hard"'.
features/polls/pages/templates/page.tsx(115,5): error TS2322: Type '"intermediate"' is not assignable to type '"medium" | "easy" | "hard"'.
features/polls/pages/templates/page.tsx(142,5): error TS2322: Type '"food"' is not assignable to type 'PollCategory'.
features/polls/pages/templates/page.tsx(143,5): error TS2322: Type '"beginner"' is not assignable to type '"medium" | "easy" | "hard"'.
features/polls/pages/templates/page.tsx(171,5): error TS2322: Type '"advanced"' is not assignable to type '"medium" | "easy" | "hard"'.
features/polls/pages/templates/page.tsx(205,36): error TS2339: Property 'name' does not exist on type 'PollTemplate'.
features/polls/pages/templates/page.tsx(222,24): error TS2339: Property 'createdAt' does not exist on type 'PollTemplate'.
features/polls/pages/templates/page.tsx(222,48): error TS2339: Property 'createdAt' does not exist on type 'PollTemplate'.
features/polls/pages/templates/page.tsx(225,24): error TS2339: Property 'rating' does not exist on type 'PollTemplate'.
features/polls/pages/templates/page.tsx(225,35): error TS2339: Property 'rating' does not exist on type 'PollTemplate'.
features/polls/pages/templates/page.tsx(228,24): error TS2339: Property 'name' does not exist on type 'PollTemplate'.
features/polls/pages/templates/page.tsx(228,45): error TS2339: Property 'name' does not exist on type 'PollTemplate'.
features/polls/pages/templates/page.tsx(281,41): error TS2339: Property 'id' does not exist on type 'TemplateCategory'.
  Property 'id' does not exist on type '"debate"'.
features/polls/pages/templates/page.tsx(281,61): error TS2339: Property 'id' does not exist on type 'TemplateCategory'.
  Property 'id' does not exist on type '"debate"'.
features/polls/pages/templates/page.tsx(282,31): error TS2339: Property 'name' does not exist on type 'TemplateCategory'.
  Property 'name' does not exist on type '"debate"'.
features/polls/pages/templates/page.tsx(282,48): error TS2339: Property 'templateCount' does not exist on type 'TemplateCategory'.
  Property 'templateCount' does not exist on type '"debate"'.
features/polls/pages/templates/page.tsx(322,31): error TS2339: Property 'id' does not exist on type 'TemplateCategory'.
  Property 'id' does not exist on type '"debate"'.
features/polls/pages/templates/page.tsx(323,61): error TS2339: Property 'id' does not exist on type 'TemplateCategory'.
  Property 'id' does not exist on type '"debate"'.
features/polls/pages/templates/page.tsx(325,49): error TS2339: Property 'id' does not exist on type 'TemplateCategory'.
  Property 'id' does not exist on type '"debate"'.
features/polls/pages/templates/page.tsx(330,27): error TS2339: Property 'icon' does not exist on type 'TemplateCategory'.
  Property 'icon' does not exist on type '"debate"'.
features/polls/pages/templates/page.tsx(330,43): error TS2339: Property 'name' does not exist on type 'TemplateCategory'.
  Property 'name' does not exist on type '"debate"'.
features/polls/pages/templates/page.tsx(350,67): error TS2339: Property 'name' does not exist on type 'PollTemplate'.
features/polls/pages/templates/page.tsx(363,31): error TS2339: Property 'estimatedTime' does not exist on type 'PollTemplate'.
features/polls/pages/templates/page.tsx(371,31): error TS2339: Property 'rating' does not exist on type 'PollTemplate'.
features/pwa/components/PWAUserProfile.tsx(16,10): error TS2305: Module '"../lib/pwa-utils"' has no exported member 'pwaManager'.
features/pwa/components/PWAUserProfile.tsx(16,22): error TS2305: Module '"../lib/pwa-utils"' has no exported member 'pwaWebAuthn'.
features/pwa/components/PWAUserProfile.tsx(16,35): error TS2305: Module '"../lib/pwa-utils"' has no exported member 'privacyStorage'.
features/pwa/components/PWAVotingInterface.tsx(17,10): error TS2724: '"../hooks/useFeatureFlags"' has no exported member named 'useFeatureFlag'. Did you mean 'useFeatureFlags'?
features/pwa/hooks/usePWAUtils.ts(8,15): error TS2305: Module '"../lib/pwa-utils"' has no exported member 'PWAManager'.
features/pwa/hooks/usePWAUtils.ts(8,27): error TS2305: Module '"../lib/pwa-utils"' has no exported member 'PWAWebAuthn'.
features/pwa/hooks/usePWAUtils.ts(8,40): error TS2305: Module '"../lib/pwa-utils"' has no exported member 'PrivacyStorage'.
features/pwa/hooks/usePWAUtils.ts(39,38): error TS2339: Property 'pwaManager' does not exist on type 'typeof import("/Users/alaughingkitsune/src/Choices/web/features/pwa/lib/pwa-utils")'.
features/pwa/hooks/usePWAUtils.ts(41,39): error TS2339: Property 'pwaWebAuthn' does not exist on type 'typeof import("/Users/alaughingkitsune/src/Choices/web/features/pwa/lib/pwa-utils")'.
features/pwa/hooks/usePWAUtils.ts(42,42): error TS2339: Property 'privacyStorage' does not exist on type 'typeof import("/Users/alaughingkitsune/src/Choices/web/features/pwa/lib/pwa-utils")'.
features/testing/pages/analytics-test/page.tsx(9,5): error TS2339: Property 'data' does not exist on type '{ config: AnalyticsConfig; trackEvent: (event: AnalyticsEvent) => void; trackPageView: (page: string) => void; trackUserAction: (action: string, properties?: Record<...> | undefined) => void; getEvents: () => AnalyticsEvent[]; clearEvents: () => void; isEnabled: boolean; }'.
features/testing/pages/analytics-test/page.tsx(10,5): error TS2339: Property 'loading' does not exist on type '{ config: AnalyticsConfig; trackEvent: (event: AnalyticsEvent) => void; trackPageView: (page: string) => void; trackUserAction: (action: string, properties?: Record<...> | undefined) => void; getEvents: () => AnalyticsEvent[]; clearEvents: () => void; isEnabled: boolean; }'.
features/testing/pages/analytics-test/page.tsx(11,5): error TS2339: Property 'error' does not exist on type '{ config: AnalyticsConfig; trackEvent: (event: AnalyticsEvent) => void; trackPageView: (page: string) => void; trackUserAction: (action: string, properties?: Record<...> | undefined) => void; getEvents: () => AnalyticsEvent[]; clearEvents: () => void; isEnabled: boolean; }'.
features/testing/pages/analytics-test/page.tsx(12,5): error TS2339: Property 'analyticsEnabled' does not exist on type '{ config: AnalyticsConfig; trackEvent: (event: AnalyticsEvent) => void; trackPageView: (page: string) => void; trackUserAction: (action: string, properties?: Record<...> | undefined) => void; getEvents: () => AnalyticsEvent[]; clearEvents: () => void; isEnabled: boolean; }'.
features/testing/pages/analytics-test/page.tsx(13,5): error TS2339: Property 'aiFeaturesEnabled' does not exist on type '{ config: AnalyticsConfig; trackEvent: (event: AnalyticsEvent) => void; trackPageView: (page: string) => void; trackUserAction: (action: string, properties?: Record<...> | undefined) => void; getEvents: () => AnalyticsEvent[]; clearEvents: () => void; isEnabled: boolean; }'.
features/testing/pages/analytics-test/page.tsx(14,5): error TS2339: Property 'fetchData' does not exist on type '{ config: AnalyticsConfig; trackEvent: (event: AnalyticsEvent) => void; trackPageView: (page: string) => void; trackUserAction: (action: string, properties?: Record<...> | undefined) => void; getEvents: () => AnalyticsEvent[]; clearEvents: () => void; isEnabled: boolean; }'.
features/testing/pages/analytics-test/page.tsx(15,5): error TS2339: Property 'refreshData' does not exist on type '{ config: AnalyticsConfig; trackEvent: (event: AnalyticsEvent) => void; trackPageView: (page: string) => void; trackUserAction: (action: string, properties?: Record<...> | undefined) => void; getEvents: () => AnalyticsEvent[]; clearEvents: () => void; isEnabled: boolean; }'.
features/testing/pages/analytics-test/page.tsx(16,5): error TS2339: Property 'exportData' does not exist on type '{ config: AnalyticsConfig; trackEvent: (event: AnalyticsEvent) => void; trackPageView: (page: string) => void; trackUserAction: (action: string, properties?: Record<...> | undefined) => void; getEvents: () => AnalyticsEvent[]; clearEvents: () => void; isEnabled: boolean; }'.
features/testing/pages/analytics-test/page.tsx(17,20): error TS2554: Expected 0 arguments, but got 1.
features/testing/pages/test-privacy/page.tsx(4,15): error TS2724: '"@/components/polls/CreatePollForm"' has no exported member named 'CreatePollData'. Did you mean 'CreatePollFormData'?
features/testing/pages/test-privacy/page.tsx(28,74): error TS2345: Argument of type '"public"' is not assignable to parameter of type 'PrivacyLevel | (() => PrivacyLevel)'.
features/testing/pages/test-privacy/page.tsx(102,27): error TS2345: Argument of type '"public"' is not assignable to parameter of type 'SetStateAction<PrivacyLevel>'.
features/testing/pages/test-privacy/page.tsx(262,26): error TS2367: This comparison appears to be unintentional because the types 'PrivacyLevel' and '"public"' have no overlap.
features/testing/pages/test-privacy/page.tsx(263,26): error TS2367: This comparison appears to be unintentional because the types 'PrivacyLevel' and '"private"' have no overlap.
features/testing/pages/test-privacy/page.tsx(264,26): error TS2367: This comparison appears to be unintentional because the types 'PrivacyLevel' and '"high-privacy"' have no overlap.
features/webauthn/lib/webauthn.ts(81,34): error TS2339: Property 'response' does not exist on type 'Credential & Record<"rawId", unknown>'.
features/webauthn/lib/webauthn.ts(81,76): error TS2339: Property 'response' does not exist on type 'Credential & Record<"rawId", unknown>'.
features/webauthn/lib/webauthn.ts(82,26): error TS2339: Property 'response' does not exist on type 'Credential & Record<"rawId", unknown>'.
hooks/useFeatureFlags.ts(85,5): error TS2322: Type 'void' is not assignable to type 'boolean'.
hooks/useFeatureFlags.ts(89,5): error TS2322: Type 'void' is not assignable to type 'boolean'.
hooks/useFeatureFlags.ts(93,5): error TS2322: Type 'void' is not assignable to type 'boolean'.
hooks/useFeatureFlags.ts(97,5): error TS2322: Type 'boolean' is not assignable to type 'FeatureFlag'.
hooks/useFeatureFlags.ts(113,5): error TS2322: Type 'string[]' is not assignable to type 'FeatureFlag[]'.
  Type 'string' is not assignable to type 'FeatureFlag'.
hooks/useFeatureFlags.ts(131,5): error TS2739: Type '{ totalFlags: number; enabledFlags: number; disabledFlags: number; }' is missing the following properties from type '{ totalFlags: number; enabledFlags: number; disabledFlags: number; environment: string; categories: Record<string, number>; }': environment, categories
hooks/useFeatureFlags.ts(267,20): error TS2339: Property 'updateFlagMetadata' does not exist on type '{ enable: (k: any) => void; disable: (k: any) => void; toggle: (k: any) => void; get: <K extends string>(key: K) => boolean; all: () => { CORE_AUTH: true; CORE_POLLS: true; CORE_USERS: true; WEBAUTHN: false; PWA: false; ... 4 more ...; ADVANCED_PRIVACY: false; }; ... 8 more ...; subscribe: (callback: (flags: any) =>...'.
hooks/useFeatureFlags.ts(271,13): error TS2339: Property 'reset' does not exist on type '{ enable: (k: any) => void; disable: (k: any) => void; toggle: (k: any) => void; get: <K extends string>(key: K) => boolean; all: () => { CORE_AUTH: true; CORE_POLLS: true; CORE_USERS: true; WEBAUTHN: false; PWA: false; ... 4 more ...; ADVANCED_PRIVACY: false; }; ... 8 more ...; subscribe: (callback: (flags: any) =>...'.
hooks/useFeatureFlags.ts(275,20): error TS2339: Property 'exportConfig' does not exist on type '{ enable: (k: any) => void; disable: (k: any) => void; toggle: (k: any) => void; get: <K extends string>(key: K) => boolean; all: () => { CORE_AUTH: true; CORE_POLLS: true; CORE_USERS: true; WEBAUTHN: false; PWA: false; ... 4 more ...; ADVANCED_PRIVACY: false; }; ... 8 more ...; subscribe: (callback: (flags: any) =>...'.
hooks/useFeatureFlags.ts(279,13): error TS2339: Property 'importConfig' does not exist on type '{ enable: (k: any) => void; disable: (k: any) => void; toggle: (k: any) => void; get: <K extends string>(key: K) => boolean; all: () => { CORE_AUTH: true; CORE_POLLS: true; CORE_USERS: true; WEBAUTHN: false; PWA: false; ... 4 more ...; ADVANCED_PRIVACY: false; }; ... 8 more ...; subscribe: (callback: (flags: any) =>...'.
hooks/usePerformanceUtils.ts(25,49): error TS2551: Property 'simplePerformanceMonitor' does not exist on type 'typeof import("/Users/alaughingkitsune/src/Choices/web/lib/performance-monitor-simple")'. Did you mean 'SimplePerformanceMonitor'?
hooks/usePrivacyUtils.ts(27,49): error TS2345: Argument of type '"advancedPrivacy"' is not assignable to parameter of type '"CORE_AUTH" | "CORE_POLLS" | "CORE_USERS" | "WEBAUTHN" | "PWA" | "ANALYTICS" | "ADMIN" | "EXPERIMENTAL_UI" | "EXPERIMENTAL_ANALYTICS"'.
hooks/usePrivacyUtils.ts(72,55): error TS2339: Property 'privacyBudgetManager' does not exist on type 'typeof import("/Users/alaughingkitsune/src/Choices/web/lib/differential-privacy")'.
hooks/usePrivacyUtils.ts(73,54): error TS2339: Property 'privateAnalytics' does not exist on type 'typeof import("/Users/alaughingkitsune/src/Choices/web/lib/differential-privacy")'.
hooks/usePrivacyUtils.ts(74,43): error TS2339: Property 'zkProofManager' does not exist on type 'typeof import("/Users/alaughingkitsune/src/Choices/web/lib/zero-knowledge-proofs")'.
lib/core/feature-flags.ts(23,31): error TS2552: Cannot find name 'FeatureFlagKey'. Did you mean 'FeatureFlag'?
lib/core/feature-flags.ts(31,34): error TS2552: Cannot find name 'FeatureFlagKey'. Did you mean 'FeatureFlag'?
lib/core/feature-flags.ts(32,50): error TS2552: Cannot find name 'FeatureFlagKey'. Did you mean 'FeatureFlag'?
lib/core/feature-flags.ts(46,24): error TS2552: Cannot find name 'FeatureFlagKey'. Did you mean 'FeatureFlag'?
lib/core/feature-flags.ts(49,25): error TS2552: Cannot find name 'FeatureFlagKey'. Did you mean 'FeatureFlag'?
lib/core/feature-flags.ts(52,24): error TS2552: Cannot find name 'FeatureFlagKey'. Did you mean 'FeatureFlag'?
lib/core/feature-flags.ts(53,79): error TS7053: Element implicitly has an 'any' type because expression of type 'any' can't be used to index type '{ readonly CORE_AUTH: true; readonly CORE_POLLS: true; readonly CORE_USERS: true; readonly WEBAUTHN: false; readonly PWA: false; readonly ANALYTICS: false; readonly ADMIN: true; readonly EXPERIMENTAL_UI: false; readonly EXPERIMENTAL_ANALYTICS: false; readonly ADVANCED_PRIVACY: false; }'.
lib/core/feature-flags.ts(121,44): error TS2552: Cannot find name 'FeatureFlagKey'. Did you mean 'FeatureFlag'?
lib/core/feature-flags.ts(130,9): error TS2552: Cannot find name 'FeatureFlagKey'. Did you mean 'FeatureFlag'?
lib/core/index.ts(5,1): error TS2308: Module './auth' has already exported a member named 'TrustTier'. Consider explicitly re-exporting to resolve the ambiguity.
lib/core/index.ts(5,1): error TS2308: Module './database' has already exported a member named 'User'. Consider explicitly re-exporting to resolve the ambiguity.
lib/core/index.ts(6,1): error TS2308: Module './types' has already exported a member named 'FeatureFlag'. Consider explicitly re-exporting to resolve the ambiguity.
lib/core/security/index.ts(2,1): error TS2308: Module './config' has already exported a member named 'RateLimitConfig'. Consider explicitly re-exporting to resolve the ambiguity.
lib/core/services/analytics.ts(92,11): error TS2322: Type 'boolean' is not assignable to type 'number'.
lib/core/services/analytics.ts(93,11): error TS2322: Type 'boolean' is not assignable to type 'number'.
lib/core/services/analytics.ts(94,11): error TS2322: Type 'boolean' is not assignable to type 'number'.
lib/core/services/analytics.ts(139,38): error TS2339: Property 'trust_tier' does not exist on type 'TrustTierScore'.
lib/core/services/analytics.ts(237,81): error TS2339: Property 'trust_tier' does not exist on type 'TrustTierScore'.
lib/core/services/analytics.ts(239,38): error TS2339: Property 'trust_tier' does not exist on type 'TrustTierScore'.
lib/core/services/analytics.ts(259,46): error TS2339: Property 'trust_tier' does not exist on type 'TrustTierScore'.
lib/core/services/analytics.ts(261,89): error TS2339: Property 'trust_tier' does not exist on type 'TrustTierScore'.
lib/core/services/analytics.ts(298,13): error TS2538: Type 'TrustTier' cannot be used as an index type.
lib/core/services/analytics.ts(298,26): error TS2538: Type 'TrustTier' cannot be used as an index type.
lib/core/services/analytics.ts(300,23): error TS2344: Type 'TrustTier' does not satisfy the constraint 'string | number | symbol'.
lib/core/services/analytics.ts(336,9): error TS2353: Object literal may only specify known properties, and 'total_users' does not exist in type 'AnalyticsSummary'.
lib/core/services/analytics.ts(401,23): error TS2344: Type 'TrustTier' does not satisfy the constraint 'string | number | symbol'.
lib/core/services/analytics.ts(404,9): error TS2561: Object literal may only specify known properties, but 'poll_id' does not exist in type 'PollAnalytics'. Did you mean to write 'pollId'?
lib/core/services/analytics.ts(460,9): error TS2561: Object literal may only specify known properties, but 'user_id' does not exist in type 'UserAnalytics'. Did you mean to write 'userId'?
lib/core/services/analytics.ts(461,36): error TS2339: Property 'trust_tier' does not exist on type 'TrustTierScore'.
lib/core/services/hybrid-voting.ts(111,14): error TS2678: Type '"public"' is not comparable to type 'PrivacyLevel'.
lib/core/services/hybrid-voting.ts(113,14): error TS2678: Type '"private"' is not comparable to type 'PrivacyLevel'.
lib/core/services/hybrid-voting.ts(115,14): error TS2678: Type '"high-privacy"' is not comparable to type 'PrivacyLevel'.
lib/core/services/hybrid-voting.ts(172,7): error TS2322: Type '"public"' is not assignable to type 'PrivacyLevel'.
lib/core/services/hybrid-voting.ts(242,7): error TS2322: Type '"private"' is not assignable to type 'PrivacyLevel'.
lib/core/services/hybrid-voting.ts(271,9): error TS2322: Type '"high-privacy"' is not assignable to type 'PrivacyLevel'.
lib/index.ts(2,1): error TS2308: Module './core' has already exported a member named 'BreakingNewsStory'. Consider explicitly re-exporting to resolve the ambiguity.
lib/index.ts(2,1): error TS2308: Module './core' has already exported a member named 'PollContext'. Consider explicitly re-exporting to resolve the ambiguity.
lib/index.ts(3,1): error TS2308: Module './core' has already exported a member named 'DeviceFingerprint'. Consider explicitly re-exporting to resolve the ambiguity.
lib/performance/optimized-poll-service.ts(40,9): error TS2532: Object is possibly 'undefined'.
lib/performance/optimized-poll-service.ts(53,7): error TS2532: Object is possibly 'undefined'.
lib/performance/optimized-poll-service.ts(119,16): error TS2532: Object is possibly 'undefined'.
lib/performance/optimized-poll-service.ts(119,45): error TS2532: Object is possibly 'undefined'.
lib/performance/optimized-poll-service.ts(120,22): error TS2532: Object is possibly 'undefined'.
lib/performance/optimized-poll-service.ts(120,51): error TS2532: Object is possibly 'undefined'.
lib/performance/optimized-poll-service.ts(160,18): error TS2339: Property 'delay' does not exist on type 'OptimizedPollService'.
lib/performance/performance.ts(83,40): error TS2532: Object is possibly 'undefined'.
lib/services/poll-service.ts(43,7): error TS2322: Type 'string | undefined' is not assignable to type 'string'.
  Type 'undefined' is not assignable to type 'string'.
lib/shared/pwa-components.tsx(410,33): error TS2304: Cannot find name 'pwaManager'.
middleware.ts(41,3): error TS2322: Type 'boolean | undefined' is not assignable to type 'boolean'.
  Type 'undefined' is not assignable to type 'boolean'.
modules/advanced-privacy/config/privacy-config.ts(207,53): error TS2345: Argument of type '"advancedPrivacy"' is not assignable to parameter of type '"CORE_AUTH" | "CORE_POLLS" | "CORE_USERS" | "WEBAUTHN" | "PWA" | "ANALYTICS" | "ADMIN" | "EXPERIMENTAL_UI" | "EXPERIMENTAL_ANALYTICS"'.
modules/advanced-privacy/differential-privacy.ts(42,37): error TS2345: Argument of type '"advancedPrivacy"' is not assignable to parameter of type '"CORE_AUTH" | "CORE_POLLS" | "CORE_USERS" | "WEBAUTHN" | "PWA" | "ANALYTICS" | "ADMIN" | "EXPERIMENTAL_UI" | "EXPERIMENTAL_ANALYTICS"'.
modules/advanced-privacy/differential-privacy.ts(399,37): error TS2345: Argument of type '"advancedPrivacy"' is not assignable to parameter of type '"CORE_AUTH" | "CORE_POLLS" | "CORE_USERS" | "WEBAUTHN" | "PWA" | "ANALYTICS" | "ADMIN" | "EXPERIMENTAL_UI" | "EXPERIMENTAL_ANALYTICS"'.
modules/advanced-privacy/hooks/usePrivacyUtils.ts(50,29): error TS2345: Argument of type '"advancedPrivacy"' is not assignable to parameter of type '"CORE_AUTH" | "CORE_POLLS" | "CORE_USERS" | "WEBAUTHN" | "PWA" | "ANALYTICS" | "ADMIN" | "EXPERIMENTAL_UI" | "EXPERIMENTAL_ANALYTICS"'.
modules/advanced-privacy/index.ts(37,27): error TS2345: Argument of type '"advancedPrivacy"' is not assignable to parameter of type '"CORE_AUTH" | "CORE_POLLS" | "CORE_USERS" | "WEBAUTHN" | "PWA" | "ANALYTICS" | "ADMIN" | "EXPERIMENTAL_UI" | "EXPERIMENTAL_ANALYTICS"'.
modules/advanced-privacy/privacy-auditor.ts(68,37): error TS2345: Argument of type '"advancedPrivacy"' is not assignable to parameter of type '"CORE_AUTH" | "CORE_POLLS" | "CORE_USERS" | "WEBAUTHN" | "PWA" | "ANALYTICS" | "ADMIN" | "EXPERIMENTAL_UI" | "EXPERIMENTAL_ANALYTICS"'.
modules/advanced-privacy/privacy-bridge.ts(79,47): error TS2345: Argument of type '"advancedPrivacy"' is not assignable to parameter of type '"CORE_AUTH" | "CORE_POLLS" | "CORE_USERS" | "WEBAUTHN" | "PWA" | "ANALYTICS" | "ADMIN" | "EXPERIMENTAL_UI" | "EXPERIMENTAL_ANALYTICS"'.
modules/advanced-privacy/zero-knowledge-proofs.ts(44,37): error TS2345: Argument of type '"advancedPrivacy"' is not assignable to parameter of type '"CORE_AUTH" | "CORE_POLLS" | "CORE_USERS" | "WEBAUTHN" | "PWA" | "ANALYTICS" | "ADMIN" | "EXPERIMENTAL_UI" | "EXPERIMENTAL_ANALYTICS"'.
modules/advanced-privacy/zero-knowledge-proofs.ts(568,37): error TS2345: Argument of type '"advancedPrivacy"' is not assignable to parameter of type '"CORE_AUTH" | "CORE_POLLS" | "CORE_USERS" | "WEBAUTHN" | "PWA" | "ANALYTICS" | "ADMIN" | "EXPERIMENTAL_UI" | "EXPERIMENTAL_ANALYTICS"'.
shared/core/database/lib/server.ts(11,24): error TS2307: Cannot find module '../logger' or its corresponding type declarations.
shared/core/database/lib/server.ts(12,31): error TS2307: Cannot find module '../../types/database' or its corresponding type declarations.
shared/core/database/lib/supabase-performance.ts(14,24): error TS2307: Cannot find module './logger' or its corresponding type declarations.
shared/core/database/lib/supabase-server.ts(10,24): error TS2307: Cannot find module './logger' or its corresponding type declarations.
shared/core/database/lib/supabase-ssr-safe.ts(14,24): error TS2307: Cannot find module './logger' or its corresponding type declarations.
shared/core/database/lib/supabase-ssr-safe.ts(15,37): error TS2307: Cannot find module './ssr-safe' or its corresponding type declarations.
shared/core/database/lib/supabase-ssr-safe.ts(16,105): error TS2307: Cannot find module '../types/database' or its corresponding type declarations.
shared/core/performance/lib/performance.ts(7,24): error TS2307: Cannot find module './logger' or its corresponding type declarations.
shared/core/services/lib/poll-service.ts(2,24): error TS2307: Cannot find module './logger' or its corresponding type declarations.
shared/lib/client.ts(16,24): error TS2307: Cannot find module '../logger' or its corresponding type declarations.
shared/lib/server.ts(11,24): error TS2307: Cannot find module '../logger' or its corresponding type declarations.
shared/modules/lib/module-loader.ts(8,54): error TS2307: Cannot find module './feature-flags' or its corresponding type declarations.
shared/modules/lib/module-loader.ts(9,24): error TS2307: Cannot find module './logger' or its corresponding type declarations.
shared/modules/lib/module-loader.ts(412,11): error TS7053: Element implicitly has an 'any' type because expression of type 'any' can't be used to index type '{ core: number; optional: number; experimental: number; }'.
shared/utils/lib/usePollWizard.ts(7,8): error TS2307: Cannot find module '../types/poll-templates' or its corresponding type declarations.
shared/utils/lib/usePollWizard.ts(69,50): error TS7006: Parameter 'option' implicitly has an 'any' type.
shared/utils/lib/usePollWizard.ts(75,31): error TS7006: Parameter 'option' implicitly has an 'any' type.
shared/utils/lib/usePollWizard.ts(75,39): error TS7006: Parameter 'index' implicitly has an 'any' type.
shared/utils/lib/usePollWizard.ts(109,20): error TS7006: Parameter 'prev' implicitly has an 'any' type.
shared/utils/lib/usePollWizard.ts(125,20): error TS7006: Parameter 'prev' implicitly has an 'any' type.
shared/utils/lib/usePollWizard.ts(145,20): error TS7006: Parameter 'prev' implicitly has an 'any' type.
shared/utils/lib/usePollWizard.ts(165,20): error TS7006: Parameter 'prev' implicitly has an 'any' type.
shared/utils/lib/usePollWizard.ts(184,20): error TS7006: Parameter 'prev' implicitly has an 'any' type.
shared/utils/lib/usePollWizard.ts(200,20): error TS7006: Parameter 'prev' implicitly has an 'any' type.
shared/utils/lib/usePollWizard.ts(203,52): error TS7006: Parameter '_' implicitly has an 'any' type.
shared/utils/lib/usePollWizard.ts(203,55): error TS7006: Parameter 'i' implicitly has an 'any' type.
shared/utils/lib/usePollWizard.ts(218,20): error TS7006: Parameter 'prev' implicitly has an 'any' type.
shared/utils/lib/usePollWizard.ts(235,20): error TS7006: Parameter 'prev' implicitly has an 'any' type.
shared/utils/lib/usePollWizard.ts(251,20): error TS7006: Parameter 'prev' implicitly has an 'any' type.
shared/utils/lib/usePollWizard.ts(270,20): error TS7006: Parameter 'prev' implicitly has an 'any' type.
shared/utils/lib/usePollWizard.ts(271,45): error TS7006: Parameter 'tag' implicitly has an 'any' type.
shared/utils/lib/usePollWizard.ts(299,20): error TS7006: Parameter 'prev' implicitly has an 'any' type.
tests/server/admin-auth.test.ts(84,35): error TS2554: Expected 1 arguments, but got 0.
tests/server/admin-auth.test.ts(103,35): error TS2554: Expected 1 arguments, but got 0.
utils/supabase/__mocks__/server.ts(31,22): error TS2743: No overload expects 1 type arguments, but overloads do exist that expect either 0 or 2 type arguments.
utils/supabase/__mocks__/server.ts(44,14): error TS2451: Cannot redeclare block-scoped variable '__resetClient'.
utils/supabase/__mocks__/server.ts(51,14): error TS2451: Cannot redeclare block-scoped variable '__setRpcResult'.
utils/supabase/__mocks__/server.ts(73,14): error TS2451: Cannot redeclare block-scoped variable '__resetClient'.
utils/supabase/__mocks__/server.ts(77,14): error TS2451: Cannot redeclare block-scoped variable '__setRpcResult'.
