app/api/admin/site-messages/route.ts(52,48): error TS2304: Cannot find name 'context'.
app/api/admin/site-messages/route.ts(92,52): error TS2304: Cannot find name 'context'.
app/api/admin/site-messages/route.ts(132,29): error TS2304: Cannot find name 'context'.
app/api/demographics/route.ts(52,7): error TS2322: Type '{ poll_id: any; created_at: any; }[]' is not assignable to type 'Vote[]'.
  Type '{ poll_id: any; created_at: any; }' is missing the following properties from type 'Vote': id, pollId, userId, option, votedAt
app/login/page.tsx(37,42): error TS2554: Expected 1-2 arguments, but got 0.
app/login/page.tsx(38,45): error TS2554: Expected 1-2 arguments, but got 0.
app/login/page.tsx(40,51): error TS2638: Type '{}' may represent a primitive value, which is not permitted as the right operand of the 'in' operator.
app/login/page.tsx(41,56): error TS2638: Type '{}' may represent a primitive value, which is not permitted as the right operand of the 'in' operator.
app/login/page.tsx(137,35): error TS2554: Expected 1-2 arguments, but got 0.
app/login/page.tsx(137,45): error TS2339: Property 'location' does not exist on type '{}'.
components/admin/layout/Header.tsx(4,31): error TS2307: Cannot find module '../../../lib/admin-store' or its corresponding type declarations.
components/admin/layout/Sidebar.tsx(6,31): error TS2307: Cannot find module '../../../lib/admin-store' or its corresponding type declarations.
components/admin/layout/Sidebar.tsx(7,34): error TS2307: Cannot find module '../../../lib/admin-hooks' or its corresponding type declarations.
components/admin/PerformanceDashboard.tsx(5,63): error TS2307: Cannot find module '@/lib/performance/optimized-poll-service' or its corresponding type declarations.
components/auth/SocialLoginButtons.tsx(4,39): error TS2307: Cannot find module '@/lib/social-auth-config' or its corresponding type declarations.
components/auth/SocialLoginButtons.tsx(5,31): error TS2307: Cannot find module '@/types/auth' or its corresponding type declarations.
components/CreatePoll.tsx(14,48): error TS2307: Cannot find module '../lib/poll-service' or its corresponding type declarations.
components/FeatureWrapper.tsx(299,27): error TS2339: Property 'id' does not exist on type '"CORE_AUTH" | "CORE_POLLS" | "CORE_USERS" | "WEBAUTHN" | "PWA" | "ANALYTICS" | "ADMIN" | "EXPERIMENTAL_UI" | "EXPERIMENTAL_ANALYTICS"'.
  Property 'id' does not exist on type '"CORE_AUTH"'.
components/FeatureWrapper.tsx(299,52): error TS2339: Property 'enabled' does not exist on type '"CORE_AUTH" | "CORE_POLLS" | "CORE_USERS" | "WEBAUTHN" | "PWA" | "ANALYTICS" | "ADMIN" | "EXPERIMENTAL_UI" | "EXPERIMENTAL_ANALYTICS"'.
  Property 'enabled' does not exist on type '"CORE_AUTH"'.
components/FeatureWrapper.tsx(300,21): error TS2339: Property 'name' does not exist on type '"CORE_AUTH" | "CORE_POLLS" | "CORE_USERS" | "WEBAUTHN" | "PWA" | "ANALYTICS" | "ADMIN" | "EXPERIMENTAL_UI" | "EXPERIMENTAL_ANALYTICS"'.
  Property 'name' does not exist on type '"CORE_AUTH"'.
components/FeatureWrapper.tsx(300,34): error TS2339: Property 'id' does not exist on type '"CORE_AUTH" | "CORE_POLLS" | "CORE_USERS" | "WEBAUTHN" | "PWA" | "ANALYTICS" | "ADMIN" | "EXPERIMENTAL_UI" | "EXPERIMENTAL_ANALYTICS"'.
  Property 'id' does not exist on type '"CORE_AUTH"'.
components/FeatureWrapper.tsx(300,46): error TS2339: Property 'enabled' does not exist on type '"CORE_AUTH" | "CORE_POLLS" | "CORE_USERS" | "WEBAUTHN" | "PWA" | "ANALYTICS" | "ADMIN" | "EXPERIMENTAL_UI" | "EXPERIMENTAL_ANALYTICS"'.
  Property 'enabled' does not exist on type '"CORE_AUTH"'.
components/FeatureWrapper.tsx(302,28): error TS2339: Property 'description' does not exist on type '"CORE_AUTH" | "CORE_POLLS" | "CORE_USERS" | "WEBAUTHN" | "PWA" | "ANALYTICS" | "ADMIN" | "EXPERIMENTAL_UI" | "EXPERIMENTAL_ANALYTICS"'.
  Property 'description' does not exist on type '"CORE_AUTH"'.
components/onboarding/steps/AuthStep.tsx(8,32): error TS2307: Cannot find module '@/components/auth/SocialLoginButtons' or its corresponding type declarations.
components/onboarding/steps/AuthStep.tsx(9,31): error TS2307: Cannot find module '@/types/auth' or its corresponding type declarations.
components/performance/VirtualScroll.tsx(4,34): error TS2307: Cannot find module '@/lib/performance' or its corresponding type declarations.
components/privacy/PrivacyLevelIndicator.tsx(5,52): error TS2307: Cannot find module '@/lib/hybrid-privacy' or its corresponding type declarations.
components/privacy/PrivacyLevelSelector.tsx(5,74): error TS2307: Cannot find module '@/lib/hybrid-privacy' or its corresponding type declarations.
components/VotingInterface.tsx(12,32): error TS2307: Cannot find module './voting/SingleChoiceVoting' or its corresponding type declarations.
components/VotingInterface.tsx(13,28): error TS2307: Cannot find module './voting/ApprovalVoting' or its corresponding type declarations.
components/VotingInterface.tsx(14,29): error TS2307: Cannot find module './voting/QuadraticVoting' or its corresponding type declarations.
components/VotingInterface.tsx(15,25): error TS2307: Cannot find module './voting/RangeVoting' or its corresponding type declarations.
components/VotingInterface.tsx(16,32): error TS2307: Cannot find module './voting/RankedChoiceVoting' or its corresponding type declarations.
dev/lib/github-issue-integration.ts(6,24): error TS2307: Cannot find module './logger' or its corresponding type declarations.
disabled-pages/[id].disabled/page.tsx(7,32): error TS2307: Cannot find module '@/components/voting/SingleChoiceVoting' or its corresponding type declarations.
disabled-pages/[id].disabled/page.tsx(8,32): error TS2307: Cannot find module '@/components/voting/RankedChoiceVoting' or its corresponding type declarations.
disabled-pages/[id].disabled/page.tsx(9,28): error TS2307: Cannot find module '@/components/voting/ApprovalVoting' or its corresponding type declarations.
disabled-pages/[id].disabled/page.tsx(10,25): error TS2307: Cannot find module '@/components/voting/RangeVoting' or its corresponding type declarations.
disabled-pages/[id].disabled/page.tsx(11,29): error TS2307: Cannot find module '@/components/voting/QuadraticVoting' or its corresponding type declarations.
disabled-pages/[id].disabled/page.tsx(12,25): error TS2307: Cannot find module '@/components/polls/PollResults' or its corresponding type declarations.
disabled-pages/[id].disabled/page.tsx(13,23): error TS2307: Cannot find module '@/components/polls/PollShare' or its corresponding type declarations.
disabled-pages/test-ranked-choice.disabled/page.tsx(9,32): error TS2307: Cannot find module '@/components/voting/RankedChoiceVoting' or its corresponding type declarations.
disabled-pages/test-single-choice/page.tsx(9,32): error TS2307: Cannot find module '@/components/voting/SingleChoiceVoting' or its corresponding type declarations.
features/analytics/index.ts(13,25): error TS2345: Argument of type '"analytics"' is not assignable to parameter of type '"CORE_AUTH" | "CORE_POLLS" | "CORE_USERS" | "WEBAUTHN" | "PWA" | "ANALYTICS" | "ADMIN" | "EXPERIMENTAL_UI" | "EXPERIMENTAL_ANALYTICS"'.
features/analytics/index.ts(28,25): error TS2345: Argument of type '"analytics"' is not assignable to parameter of type '"CORE_AUTH" | "CORE_POLLS" | "CORE_USERS" | "WEBAUTHN" | "PWA" | "ANALYTICS" | "ADMIN" | "EXPERIMENTAL_UI" | "EXPERIMENTAL_ANALYTICS"'.
features/analytics/index.ts(41,58): error TS2345: Argument of type '"analytics"' is not assignable to parameter of type '"CORE_AUTH" | "CORE_POLLS" | "CORE_USERS" | "WEBAUTHN" | "PWA" | "ANALYTICS" | "ADMIN" | "EXPERIMENTAL_UI" | "EXPERIMENTAL_ANALYTICS"'.
features/analytics/lib/auth-analytics.ts(17,24): error TS2307: Cannot find module './logger' or its corresponding type declarations.
features/auth/lib/social-auth-config.ts(1,35): error TS2307: Cannot find module '@/types/auth' or its corresponding type declarations.
features/civics/api/candidates/[personId]/route.ts(2,56): error TS2307: Cannot find module '../../../../lib/civics/schemas' or its corresponding type declarations.
features/civics/api/candidates/[personId]/route.ts(3,29): error TS2307: Cannot find module '../../../../lib/civics/client' or its corresponding type declarations.
features/civics/api/candidates/[personId]/route.ts(4,41): error TS2307: Cannot find module '../../../../lib/civics/ingest' or its corresponding type declarations.
features/civics/api/district/route.ts(2,31): error TS2307: Cannot find module '../../../lib/civics/ingest' or its corresponding type declarations.
features/civics/schemas/index.ts(138,15): error TS2554: Expected 2-3 arguments, but got 1.
features/civics/sources/civicinfo/index.ts(7,15): error TS2459: Module '"../../ingest/connectors/civicinfo"' declares 'AddressLookupResult' locally, but it is not exported.
features/landing/pages/enhanced-landing/page.tsx(9,42): error TS2307: Cannot find module '../../components/DemographicVisualization' or its corresponding type declarations.
features/landing/pages/enhanced-landing/page.tsx(10,50): error TS2307: Cannot find module '../../components/BiasFreePromise' or its corresponding type declarations.
features/landing/pages/enhanced-landing/page.tsx(11,42): error TS2307: Cannot find module '../../components/TierSystem' or its corresponding type declarations.
features/landing/pages/enhanced-landing/page.tsx(12,31): error TS2307: Cannot find module '../../components/TopicAnalysis' or its corresponding type declarations.
features/polls/components/CreatePollForm.tsx(6,38): error TS2307: Cannot find module '../privacy/PrivacyLevelSelector' or its corresponding type declarations.
features/polls/components/CreatePollForm.tsx(7,52): error TS2307: Cannot find module '@/lib/hybrid-privacy' or its corresponding type declarations.
features/polls/components/OptimizedPollResults.tsx(5,64): error TS2307: Cannot find module '@/lib/performance/optimized-poll-service' or its corresponding type declarations.
features/polls/components/PrivatePollResults.tsx(5,62): error TS2307: Cannot find module '@/lib/privacy/differential-privacy' or its corresponding type declarations.
features/polls/pages/create/page.tsx(4,31): error TS2307: Cannot find module '@/lib/hooks/usePollWizard' or its corresponding type declarations.
features/polls/pages/create/page.tsx(5,30): error TS2307: Cannot find module '@/lib/types/poll-templates' or its corresponding type declarations.
features/polls/pages/templates/page.tsx(5,62): error TS2307: Cannot find module '@/lib/types/poll-templates' or its corresponding type declarations.
features/pwa/components/PWAVotingInterface.tsx(17,32): error TS2307: Cannot find module '../hooks/useFeatureFlags' or its corresponding type declarations.
features/pwa/index.ts(13,25): error TS2345: Argument of type '"pwa"' is not assignable to parameter of type '"CORE_AUTH" | "CORE_POLLS" | "CORE_USERS" | "WEBAUTHN" | "PWA" | "ANALYTICS" | "ADMIN" | "EXPERIMENTAL_UI" | "EXPERIMENTAL_ANALYTICS"'.
features/pwa/index.ts(30,25): error TS2345: Argument of type '"pwa"' is not assignable to parameter of type '"CORE_AUTH" | "CORE_POLLS" | "CORE_USERS" | "WEBAUTHN" | "PWA" | "ANALYTICS" | "ADMIN" | "EXPERIMENTAL_UI" | "EXPERIMENTAL_ANALYTICS"'.
features/pwa/index.ts(39,17): error TS2307: Cannot find module './components' or its corresponding type declarations.
features/pwa/index.ts(44,25): error TS2345: Argument of type '"pwa"' is not assignable to parameter of type '"CORE_AUTH" | "CORE_POLLS" | "CORE_USERS" | "WEBAUTHN" | "PWA" | "ANALYTICS" | "ADMIN" | "EXPERIMENTAL_UI" | "EXPERIMENTAL_ANALYTICS"'.
features/pwa/index.ts(60,52): error TS2345: Argument of type '"pwa"' is not assignable to parameter of type '"CORE_AUTH" | "CORE_POLLS" | "CORE_USERS" | "WEBAUTHN" | "PWA" | "ANALYTICS" | "ADMIN" | "EXPERIMENTAL_UI" | "EXPERIMENTAL_ANALYTICS"'.
features/pwa/lib/pwa-auth-integration.ts(8,34): error TS2307: Cannot find module './feature-flags' or its corresponding type declarations.
features/pwa/lib/pwa-utils.ts(56,42): error TS2345: Argument of type '"pwa"' is not assignable to parameter of type '"CORE_AUTH" | "CORE_POLLS" | "CORE_USERS" | "WEBAUTHN" | "PWA" | "ANALYTICS" | "ADMIN" | "EXPERIMENTAL_UI" | "EXPERIMENTAL_ANALYTICS"'.
features/pwa/lib/pwa-utils.ts(358,40): error TS2345: Argument of type '"pwa"' is not assignable to parameter of type '"CORE_AUTH" | "CORE_POLLS" | "CORE_USERS" | "WEBAUTHN" | "PWA" | "ANALYTICS" | "ADMIN" | "EXPERIMENTAL_UI" | "EXPERIMENTAL_ANALYTICS"'.
features/pwa/lib/pwa-utils.ts(453,40): error TS2345: Argument of type '"pwa"' is not assignable to parameter of type '"CORE_AUTH" | "CORE_POLLS" | "CORE_USERS" | "WEBAUTHN" | "PWA" | "ANALYTICS" | "ADMIN" | "EXPERIMENTAL_UI" | "EXPERIMENTAL_ANALYTICS"'.
features/testing/pages/analytics-test/page.tsx(4,30): error TS2307: Cannot find module '../../hooks/useAnalytics' or its corresponding type declarations.
features/testing/pages/test-optimized-image/page.tsx(91,45): error TS2554: Expected 1-2 arguments, but got 0.
features/testing/pages/test-optimized-image/page.tsx(93,36): error TS2339: Property 'querySelectorAll' does not exist on type '{}'.
features/testing/pages/test-optimized-image/page.tsx(145,51): error TS2554: Expected 1-2 arguments, but got 0.
features/testing/pages/test-optimized-image/page.tsx(146,36): error TS2339: Property 'clipboard' does not exist on type '{}'.
features/testing/pages/test-optimized-image/page.tsx(147,27): error TS2339: Property 'clipboard' does not exist on type '{}'.
features/testing/pages/test-privacy/page.tsx(4,48): error TS2307: Cannot find module '@/components/polls/CreatePollForm' or its corresponding type declarations.
features/testing/pages/test-privacy/page.tsx(6,30): error TS2307: Cannot find module '@/lib/hybrid-privacy' or its corresponding type declarations.
hooks/useAnalytics.ts(84,45): error TS2345: Argument of type '"analytics"' is not assignable to parameter of type '"CORE_AUTH" | "CORE_POLLS" | "CORE_USERS" | "WEBAUTHN" | "PWA" | "ANALYTICS" | "ADMIN" | "EXPERIMENTAL_UI" | "EXPERIMENTAL_ANALYTICS"'.
hooks/useAnalytics.ts(85,46): error TS2345: Argument of type '"aiFeatures"' is not assignable to parameter of type '"CORE_AUTH" | "CORE_POLLS" | "CORE_USERS" | "WEBAUTHN" | "PWA" | "ANALYTICS" | "ADMIN" | "EXPERIMENTAL_UI" | "EXPERIMENTAL_ANALYTICS"'.
hooks/useFeatureFlags.ts(10,3): error TS2305: Module '"@/lib/feature-flags"' has no exported member 'featureFlagManager'.
hooks/useFeatureFlags.ts(12,3): error TS2305: Module '"@/lib/feature-flags"' has no exported member 'FeatureFlagManager'.
hooks/useFeatureFlags.ts(14,3): error TS2305: Module '"@/lib/feature-flags"' has no exported member 'enableFeature'.
hooks/useFeatureFlags.ts(15,3): error TS2305: Module '"@/lib/feature-flags"' has no exported member 'disableFeature'.
hooks/useFeatureFlags.ts(16,3): error TS2305: Module '"@/lib/feature-flags"' has no exported member 'toggleFeature'.
hooks/useFeatureFlags.ts(17,3): error TS2724: '"@/lib/feature-flags"' has no exported member named 'getFeatureFlag'. Did you mean 'FeatureFlag'?
hooks/useFeatureFlags.ts(18,3): error TS2305: Module '"@/lib/feature-flags"' has no exported member 'getAllFeatureFlags'.
hooks/usePerformanceUtils.ts(22,48): error TS2307: Cannot find module '../lib/performance-monitor-simple' or its corresponding type declarations.
hooks/usePrivacyUtils.ts(27,49): error TS2345: Argument of type '"advancedPrivacy"' is not assignable to parameter of type '"CORE_AUTH" | "CORE_POLLS" | "CORE_USERS" | "WEBAUTHN" | "PWA" | "ANALYTICS" | "ADMIN" | "EXPERIMENTAL_UI" | "EXPERIMENTAL_ANALYTICS"'.
hooks/usePrivacyUtils.ts(66,20): error TS2307: Cannot find module '../lib/differential-privacy' or its corresponding type declarations.
hooks/usePrivacyUtils.ts(67,20): error TS2307: Cannot find module '../lib/differential-privacy' or its corresponding type declarations.
hooks/usePrivacyUtils.ts(68,20): error TS2307: Cannot find module '../lib/zero-knowledge-proofs' or its corresponding type declarations.
hooks/useSupabaseAuth.ts(5,10): error TS2305: Module '"@/lib/supabase-ssr-safe"' has no exported member 'createBrowserClientSafe'.
hooks/useTestingUtils.ts(5,35): error TS2307: Cannot find module '../lib/testing-suite' or its corresponding type declarations.
hooks/useTestingUtils.ts(6,49): error TS2307: Cannot find module '../lib/comprehensive-testing-runner' or its corresponding type declarations.
hooks/useTestingUtils.ts(7,43): error TS2307: Cannot find module '../lib/cross-platform-testing' or its corresponding type declarations.
hooks/useTestingUtils.ts(8,49): error TS2307: Cannot find module '../lib/mobile-compatibility-testing' or its corresponding type declarations.
hooks/useTestingUtils.ts(30,18): error TS2307: Cannot find module '../lib/testing-suite' or its corresponding type declarations.
hooks/useTestingUtils.ts(31,18): error TS2307: Cannot find module '../lib/comprehensive-testing-runner' or its corresponding type declarations.
hooks/useTestingUtils.ts(32,18): error TS2307: Cannot find module '../lib/cross-platform-testing' or its corresponding type declarations.
hooks/useTestingUtils.ts(33,18): error TS2307: Cannot find module '../lib/mobile-compatibility-testing' or its corresponding type declarations.
lib/supabase-ssr-safe.ts(9,31): error TS2307: Cannot find module './supabase/server' or its corresponding type declarations.
middleware.ts(42,3): error TS2322: Type 'boolean | undefined' is not assignable to type 'boolean'.
  Type 'undefined' is not assignable to type 'boolean'.
modules/advanced-privacy/config/privacy-config.ts(207,53): error TS2345: Argument of type '"advancedPrivacy"' is not assignable to parameter of type '"CORE_AUTH" | "CORE_POLLS" | "CORE_USERS" | "WEBAUTHN" | "PWA" | "ANALYTICS" | "ADMIN" | "EXPERIMENTAL_UI" | "EXPERIMENTAL_ANALYTICS"'.
modules/advanced-privacy/differential-privacy.ts(42,37): error TS2345: Argument of type '"advancedPrivacy"' is not assignable to parameter of type '"CORE_AUTH" | "CORE_POLLS" | "CORE_USERS" | "WEBAUTHN" | "PWA" | "ANALYTICS" | "ADMIN" | "EXPERIMENTAL_UI" | "EXPERIMENTAL_ANALYTICS"'.
modules/advanced-privacy/differential-privacy.ts(399,37): error TS2345: Argument of type '"advancedPrivacy"' is not assignable to parameter of type '"CORE_AUTH" | "CORE_POLLS" | "CORE_USERS" | "WEBAUTHN" | "PWA" | "ANALYTICS" | "ADMIN" | "EXPERIMENTAL_UI" | "EXPERIMENTAL_ANALYTICS"'.
modules/advanced-privacy/hooks/usePrivacyUtils.ts(50,29): error TS2345: Argument of type '"advancedPrivacy"' is not assignable to parameter of type '"CORE_AUTH" | "CORE_POLLS" | "CORE_USERS" | "WEBAUTHN" | "PWA" | "ANALYTICS" | "ADMIN" | "EXPERIMENTAL_UI" | "EXPERIMENTAL_ANALYTICS"'.
modules/advanced-privacy/index.ts(37,27): error TS2345: Argument of type '"advancedPrivacy"' is not assignable to parameter of type '"CORE_AUTH" | "CORE_POLLS" | "CORE_USERS" | "WEBAUTHN" | "PWA" | "ANALYTICS" | "ADMIN" | "EXPERIMENTAL_UI" | "EXPERIMENTAL_ANALYTICS"'.
modules/advanced-privacy/privacy-auditor.ts(68,37): error TS2345: Argument of type '"advancedPrivacy"' is not assignable to parameter of type '"CORE_AUTH" | "CORE_POLLS" | "CORE_USERS" | "WEBAUTHN" | "PWA" | "ANALYTICS" | "ADMIN" | "EXPERIMENTAL_UI" | "EXPERIMENTAL_ANALYTICS"'.
modules/advanced-privacy/privacy-bridge.ts(79,47): error TS2345: Argument of type '"advancedPrivacy"' is not assignable to parameter of type '"CORE_AUTH" | "CORE_POLLS" | "CORE_USERS" | "WEBAUTHN" | "PWA" | "ANALYTICS" | "ADMIN" | "EXPERIMENTAL_UI" | "EXPERIMENTAL_ANALYTICS"'.
modules/advanced-privacy/privacy-bridge.ts(146,54): error TS2307: Cannot find module '../../lib/differential-privacy' or its corresponding type declarations.
modules/advanced-privacy/privacy-bridge.ts(147,54): error TS2307: Cannot find module '../../lib/zero-knowledge-proofs' or its corresponding type declarations.
modules/advanced-privacy/zero-knowledge-proofs.ts(44,37): error TS2345: Argument of type '"advancedPrivacy"' is not assignable to parameter of type '"CORE_AUTH" | "CORE_POLLS" | "CORE_USERS" | "WEBAUTHN" | "PWA" | "ANALYTICS" | "ADMIN" | "EXPERIMENTAL_UI" | "EXPERIMENTAL_ANALYTICS"'.
modules/advanced-privacy/zero-knowledge-proofs.ts(568,37): error TS2345: Argument of type '"advancedPrivacy"' is not assignable to parameter of type '"CORE_AUTH" | "CORE_POLLS" | "CORE_USERS" | "WEBAUTHN" | "PWA" | "ANALYTICS" | "ADMIN" | "EXPERIMENTAL_UI" | "EXPERIMENTAL_ANALYTICS"'.
shared/core/database/lib/server.ts(11,24): error TS2307: Cannot find module '../logger' or its corresponding type declarations.
shared/core/database/lib/server.ts(12,31): error TS2307: Cannot find module '../../types/database' or its corresponding type declarations.
shared/core/database/lib/supabase-performance.ts(13,24): error TS2307: Cannot find module './logger' or its corresponding type declarations.
shared/core/database/lib/supabase-server.ts(9,24): error TS2307: Cannot find module './logger' or its corresponding type declarations.
shared/core/database/lib/supabase-ssr-safe.ts(13,24): error TS2307: Cannot find module './logger' or its corresponding type declarations.
shared/core/database/lib/supabase-ssr-safe.ts(14,37): error TS2307: Cannot find module './ssr-safe' or its corresponding type declarations.
shared/core/database/lib/supabase-ssr-safe.ts(15,105): error TS2307: Cannot find module '../types/database' or its corresponding type declarations.
shared/core/performance/lib/performance.ts(7,24): error TS2307: Cannot find module './logger' or its corresponding type declarations.
shared/core/services/lib/AnalyticsService.ts(10,8): error TS2307: Cannot find module '@/types/analytics' or its corresponding type declarations.
shared/core/services/lib/hybrid-voting-service.ts(5,30): error TS2307: Cannot find module './hybrid-privacy' or its corresponding type declarations.
shared/core/services/lib/poll-service.ts(2,24): error TS2307: Cannot find module './logger' or its corresponding type declarations.
shared/lib/client.ts(16,24): error TS2307: Cannot find module '../logger' or its corresponding type declarations.
shared/lib/server.ts(11,24): error TS2307: Cannot find module '../logger' or its corresponding type declarations.
shared/modules/lib/module-loader.ts(8,54): error TS2307: Cannot find module './feature-flags' or its corresponding type declarations.
shared/modules/lib/module-loader.ts(9,24): error TS2307: Cannot find module './logger' or its corresponding type declarations.
shared/utils/lib/usePollWizard.ts(7,8): error TS2307: Cannot find module '../types/poll-templates' or its corresponding type declarations.
tests/server/admin-apis.test.ts(24,3): error TS2305: Module '"@/utils/supabase/server"' has no exported member '__client'.
tests/server/admin-apis.test.ts(25,3): error TS2305: Module '"@/utils/supabase/server"' has no exported member '__resetClient'.
tests/server/admin-apis.test.ts(26,3): error TS2305: Module '"@/utils/supabase/server"' has no exported member '__setFromSingle'.
tests/server/admin-apis.test.ts(27,3): error TS2305: Module '"@/utils/supabase/server"' has no exported member '__setFromLimit'.
tests/server/admin-apis.test.ts(51,29): error TS2554: Expected 0 arguments, but got 1.
tests/server/admin-apis.test.ts(61,29): error TS2554: Expected 0 arguments, but got 1.
tests/server/admin-auth.test.ts(18,3): error TS2305: Module '"@/utils/supabase/server"' has no exported member '__client'.
tests/server/admin-auth.test.ts(19,3): error TS2305: Module '"@/utils/supabase/server"' has no exported member '__resetClient'.
tests/server/admin-auth.test.ts(20,3): error TS2305: Module '"@/utils/supabase/server"' has no exported member '__setFromSingle'.
tests/server/admin-auth.test.ts(21,3): error TS2305: Module '"@/utils/supabase/server"' has no exported member '__setRpcResult'.
utils/supabase/__mocks__/server.ts(31,22): error TS2743: No overload expects 1 type arguments, but overloads do exist that expect either 0 or 2 type arguments.
