<testsuites id="" name="" tests="4" failures="2" skipped="0" errors="0" time="82.33331700000001">
<testsuite name="core/simple-dashboard-load-test.spec.ts" timestamp="2025-10-21T23:47:45.871Z" hostname="chromium-inline" tests="1" failures="1" skipped="0" time="39.781" errors="0">
<testcase name="Simple Dashboard Load Test › should load dashboard page without errors" classname="core/simple-dashboard-load-test.spec.ts" time="39.781">
<failure message="simple-dashboard-load-test.spec.ts:4:7 should load dashboard page without errors" type="FAILURE">
<![CDATA[  [chromium-inline] › core/simple-dashboard-load-test.spec.ts:4:7 › Simple Dashboard Load Test › should load dashboard page without errors 

    Test timeout of 30000ms exceeded.

    TimeoutError: page.goto: Timeout 30000ms exceeded.
    Call log:
      - navigating to "http://localhost:3000/dashboard", waiting until "load"


       6 |     
       7 |     // Navigate to dashboard
    >  8 |     await page.goto('/dashboard');
         |                ^
       9 |     
      10 |     // Wait for page to load
      11 |     await page.waitForLoadState('networkidle');
        at /Users/alaughingkitsune/src/Choices/web/tests/playwright/e2e/core/simple-dashboard-load-test.spec.ts:8:16

    attachment #1: screenshot (image/png) ──────────────────────────────────────────────────────────
    ../../../test-results/core-simple-dashboard-load-13839-shboard-page-without-errors-chromium-inline/test-failed-1.png
    ────────────────────────────────────────────────────────────────────────────────────────────────

    attachment #2: video (video/webm) ──────────────────────────────────────────────────────────────
    ../../../test-results/core-simple-dashboard-load-13839-shboard-page-without-errors-chromium-inline/video.webm
    ────────────────────────────────────────────────────────────────────────────────────────────────

    Error Context: ../../../test-results/core-simple-dashboard-load-13839-shboard-page-without-errors-chromium-inline/error-context.md
]]>
</failure>
<system-out>
<![CDATA[🚀 Starting Simple Dashboard Load Test

[[ATTACHMENT|../../../test-results/core-simple-dashboard-load-13839-shboard-page-without-errors-chromium-inline/test-failed-1.png]]

[[ATTACHMENT|../../../test-results/core-simple-dashboard-load-13839-shboard-page-without-errors-chromium-inline/video.webm]]

[[ATTACHMENT|../../../test-results/core-simple-dashboard-load-13839-shboard-page-without-errors-chromium-inline/error-context.md]]
]]>
</system-out>
</testcase>
</testsuite>
<testsuite name="core/simple-dashboard-load-test.spec.ts" timestamp="2025-10-21T23:47:45.871Z" hostname="firefox-inline" tests="1" failures="0" skipped="0" time="29.191" errors="0">
<testcase name="Simple Dashboard Load Test › should load dashboard page without errors" classname="core/simple-dashboard-load-test.spec.ts" time="29.191">
<system-out>
<![CDATA[🚀 Starting Simple Dashboard Load Test
📄 Page title: Choices - Democratic Polling Platform
❌ Error messages found: 0
📝 Body content length: 18921
✅ Simple dashboard load test completed
]]>
</system-out>
</testcase>
</testsuite>
<testsuite name="core/simple-dashboard-load-test.spec.ts" timestamp="2025-10-21T23:47:45.871Z" hostname="webkit-inline" tests="1" failures="0" skipped="0" time="53.043" errors="0">
<testcase name="Simple Dashboard Load Test › should load dashboard page without errors" classname="core/simple-dashboard-load-test.spec.ts" time="53.043">
<system-out>
<![CDATA[🚀 Starting Simple Dashboard Load Test
📄 Page title: Choices - Democratic Polling Platform
❌ Error messages found: 0
📝 Body content length: 18920
✅ Simple dashboard load test completed
]]>
</system-out>
</testcase>
</testsuite>
<testsuite name="core/simple-dashboard-load-test.spec.ts" timestamp="2025-10-21T23:47:45.871Z" hostname="mobile-chrome-inline" tests="1" failures="1" skipped="0" time="39.08" errors="0">
<testcase name="Simple Dashboard Load Test › should load dashboard page without errors" classname="core/simple-dashboard-load-test.spec.ts" time="39.08">
<failure message="simple-dashboard-load-test.spec.ts:4:7 should load dashboard page without errors" type="FAILURE">
<![CDATA[  [mobile-chrome-inline] › core/simple-dashboard-load-test.spec.ts:4:7 › Simple Dashboard Load Test › should load dashboard page without errors 

    Test timeout of 30000ms exceeded.

    TimeoutError: page.goto: Timeout 30000ms exceeded.
    Call log:
      - navigating to "http://localhost:3000/dashboard", waiting until "load"


       6 |     
       7 |     // Navigate to dashboard
    >  8 |     await page.goto('/dashboard');
         |                ^
       9 |     
      10 |     // Wait for page to load
      11 |     await page.waitForLoadState('networkidle');
        at /Users/alaughingkitsune/src/Choices/web/tests/playwright/e2e/core/simple-dashboard-load-test.spec.ts:8:16

    attachment #1: screenshot (image/png) ──────────────────────────────────────────────────────────
    ../../../test-results/core-simple-dashboard-load-13839-shboard-page-without-errors-mobile-chrome-inline/test-failed-1.png
    ────────────────────────────────────────────────────────────────────────────────────────────────

    attachment #2: video (video/webm) ──────────────────────────────────────────────────────────────
    ../../../test-results/core-simple-dashboard-load-13839-shboard-page-without-errors-mobile-chrome-inline/video.webm
    ────────────────────────────────────────────────────────────────────────────────────────────────

    Error Context: ../../../test-results/core-simple-dashboard-load-13839-shboard-page-without-errors-mobile-chrome-inline/error-context.md
]]>
</failure>
<system-out>
<![CDATA[🚀 Starting Simple Dashboard Load Test

[[ATTACHMENT|../../../test-results/core-simple-dashboard-load-13839-shboard-page-without-errors-mobile-chrome-inline/test-failed-1.png]]

[[ATTACHMENT|../../../test-results/core-simple-dashboard-load-13839-shboard-page-without-errors-mobile-chrome-inline/video.webm]]

[[ATTACHMENT|../../../test-results/core-simple-dashboard-load-13839-shboard-page-without-errors-mobile-chrome-inline/error-context.md]]
]]>
</system-out>
</testcase>
</testsuite>
</testsuites>