<testsuites id="" name="" tests="38" failures="19" skipped="0" errors="0" time="195.73290599999999">
<testsuite name="core/authentication.spec.ts" timestamp="2025-10-20T17:44:51.200Z" hostname="chromium-inline" tests="4" failures="0" skipped="0" time="82.148" errors="0">
<testcase name="Authentication â€º should load authentication page" classname="core/authentication.spec.ts" time="20.443">
</testcase>
<testcase name="Authentication â€º should show authentication options" classname="core/authentication.spec.ts" time="20.31">
</testcase>
<testcase name="Authentication â€º should handle WebAuthn authentication" classname="core/authentication.spec.ts" time="20.548">
</testcase>
<testcase name="Authentication â€º should handle admin authentication" classname="core/authentication.spec.ts" time="20.847">
</testcase>
</testsuite>
<testsuite name="core/basic-navigation.spec.ts" timestamp="2025-10-20T17:44:51.200Z" hostname="chromium-inline" tests="3" failures="1" skipped="0" time="44.635" errors="0">
<testcase name="Basic Navigation â€º should load the home page" classname="core/basic-navigation.spec.ts" time="20.441">
<failure message="basic-navigation.spec.ts:4:7 should load the home page" type="FAILURE">
<![CDATA[  [chromium-inline] â€º core/basic-navigation.spec.ts:4:7 â€º Basic Navigation â€º should load the home page 

    Error: expect(received).toContain(expected) // indexOf

    Expected substring: "localhost:3000"
    Received string:    "http://localhost:3002/"

       9 |     
      10 |     // Check that the page loaded successfully
    > 11 |     expect(page.url()).toContain('localhost:3000');
         |                        ^
      12 |   });
      13 |
      14 |   test('should have a title', async ({ page }) => {
        at /Users/alaughingkitsune/src/Choices/web/tests/playwright/e2e/core/basic-navigation.spec.ts:11:24

    attachment #1: screenshot (image/png) â”€â”€â”€â”€â”€â”€â”€â”€â”€â”€â”€â”€â”€â”€â”€â”€â”€â”€â”€â”€â”€â”€â”€â”€â”€â”€â”€â”€â”€â”€â”€â”€â”€â”€â”€â”€â”€â”€â”€â”€â”€â”€â”€â”€â”€â”€â”€â”€â”€â”€â”€â”€â”€â”€â”€â”€â”€â”€
    ../../../test-results/core-basic-navigation-Basi-a3a34-n-should-load-the-home-page-chromium-inline/test-failed-1.png
    â”€â”€â”€â”€â”€â”€â”€â”€â”€â”€â”€â”€â”€â”€â”€â”€â”€â”€â”€â”€â”€â”€â”€â”€â”€â”€â”€â”€â”€â”€â”€â”€â”€â”€â”€â”€â”€â”€â”€â”€â”€â”€â”€â”€â”€â”€â”€â”€â”€â”€â”€â”€â”€â”€â”€â”€â”€â”€â”€â”€â”€â”€â”€â”€â”€â”€â”€â”€â”€â”€â”€â”€â”€â”€â”€â”€â”€â”€â”€â”€â”€â”€â”€â”€â”€â”€â”€â”€â”€â”€â”€â”€â”€â”€â”€â”€

    attachment #2: video (video/webm) â”€â”€â”€â”€â”€â”€â”€â”€â”€â”€â”€â”€â”€â”€â”€â”€â”€â”€â”€â”€â”€â”€â”€â”€â”€â”€â”€â”€â”€â”€â”€â”€â”€â”€â”€â”€â”€â”€â”€â”€â”€â”€â”€â”€â”€â”€â”€â”€â”€â”€â”€â”€â”€â”€â”€â”€â”€â”€â”€â”€â”€â”€
    ../../../test-results/core-basic-navigation-Basi-a3a34-n-should-load-the-home-page-chromium-inline/video.webm
    â”€â”€â”€â”€â”€â”€â”€â”€â”€â”€â”€â”€â”€â”€â”€â”€â”€â”€â”€â”€â”€â”€â”€â”€â”€â”€â”€â”€â”€â”€â”€â”€â”€â”€â”€â”€â”€â”€â”€â”€â”€â”€â”€â”€â”€â”€â”€â”€â”€â”€â”€â”€â”€â”€â”€â”€â”€â”€â”€â”€â”€â”€â”€â”€â”€â”€â”€â”€â”€â”€â”€â”€â”€â”€â”€â”€â”€â”€â”€â”€â”€â”€â”€â”€â”€â”€â”€â”€â”€â”€â”€â”€â”€â”€â”€â”€

    Error Context: ../../../test-results/core-basic-navigation-Basi-a3a34-n-should-load-the-home-page-chromium-inline/error-context.md
]]>
</failure>
<system-out>
<![CDATA[
[[ATTACHMENT|../../../test-results/core-basic-navigation-Basi-a3a34-n-should-load-the-home-page-chromium-inline/test-failed-1.png]]

[[ATTACHMENT|../../../test-results/core-basic-navigation-Basi-a3a34-n-should-load-the-home-page-chromium-inline/video.webm]]

[[ATTACHMENT|../../../test-results/core-basic-navigation-Basi-a3a34-n-should-load-the-home-page-chromium-inline/error-context.md]]
]]>
</system-out>
</testcase>
<testcase name="Basic Navigation â€º should have a title" classname="core/basic-navigation.spec.ts" time="19.945">
</testcase>
<testcase name="Basic Navigation â€º should load auth page" classname="core/basic-navigation.spec.ts" time="4.249">
</testcase>
</testsuite>
<testsuite name="core/onboarding-flow.spec.ts" timestamp="2025-10-20T17:44:51.200Z" hostname="chromium-inline" tests="3" failures="3" skipped="0" time="42.479" errors="0">
<testcase name="Onboarding Flow â€º should load onboarding page" classname="core/onboarding-flow.spec.ts" time="13.91">
<failure message="onboarding-flow.spec.ts:5:7 should load onboarding page" type="FAILURE">
<![CDATA[  [chromium-inline] â€º core/onboarding-flow.spec.ts:5:7 â€º Onboarding Flow â€º should load onboarding page 

    Error: Rate limiting is working correctly - this is expected behavior for security

       at helpers/auth-helper.ts:100

       98 |       console.log(`â³ Rate limited detected - this is expected behavior!`);
       99 |       console.log(`âœ… Test is working correctly - rate limiting is functioning as designed`);
    > 100 |       throw new Error('Rate limiting is working correctly - this is expected behavior for security');
          |             ^
      101 |     }
      102 |     
      103 |     // Fill in login form using the correct selectors
        at Function.authenticateUser (/Users/alaughingkitsune/src/Choices/web/tests/playwright/e2e/helpers/auth-helper.ts:100:13)
        at /Users/alaughingkitsune/src/Choices/web/tests/playwright/e2e/core/onboarding-flow.spec.ts:7:5

    attachment #1: screenshot (image/png) â”€â”€â”€â”€â”€â”€â”€â”€â”€â”€â”€â”€â”€â”€â”€â”€â”€â”€â”€â”€â”€â”€â”€â”€â”€â”€â”€â”€â”€â”€â”€â”€â”€â”€â”€â”€â”€â”€â”€â”€â”€â”€â”€â”€â”€â”€â”€â”€â”€â”€â”€â”€â”€â”€â”€â”€â”€â”€
    ../../../test-results/core-onboarding-flow-Onboa-0476e-should-load-onboarding-page-chromium-inline/test-failed-1.png
    â”€â”€â”€â”€â”€â”€â”€â”€â”€â”€â”€â”€â”€â”€â”€â”€â”€â”€â”€â”€â”€â”€â”€â”€â”€â”€â”€â”€â”€â”€â”€â”€â”€â”€â”€â”€â”€â”€â”€â”€â”€â”€â”€â”€â”€â”€â”€â”€â”€â”€â”€â”€â”€â”€â”€â”€â”€â”€â”€â”€â”€â”€â”€â”€â”€â”€â”€â”€â”€â”€â”€â”€â”€â”€â”€â”€â”€â”€â”€â”€â”€â”€â”€â”€â”€â”€â”€â”€â”€â”€â”€â”€â”€â”€â”€â”€

    attachment #2: video (video/webm) â”€â”€â”€â”€â”€â”€â”€â”€â”€â”€â”€â”€â”€â”€â”€â”€â”€â”€â”€â”€â”€â”€â”€â”€â”€â”€â”€â”€â”€â”€â”€â”€â”€â”€â”€â”€â”€â”€â”€â”€â”€â”€â”€â”€â”€â”€â”€â”€â”€â”€â”€â”€â”€â”€â”€â”€â”€â”€â”€â”€â”€â”€
    ../../../test-results/core-onboarding-flow-Onboa-0476e-should-load-onboarding-page-chromium-inline/video.webm
    â”€â”€â”€â”€â”€â”€â”€â”€â”€â”€â”€â”€â”€â”€â”€â”€â”€â”€â”€â”€â”€â”€â”€â”€â”€â”€â”€â”€â”€â”€â”€â”€â”€â”€â”€â”€â”€â”€â”€â”€â”€â”€â”€â”€â”€â”€â”€â”€â”€â”€â”€â”€â”€â”€â”€â”€â”€â”€â”€â”€â”€â”€â”€â”€â”€â”€â”€â”€â”€â”€â”€â”€â”€â”€â”€â”€â”€â”€â”€â”€â”€â”€â”€â”€â”€â”€â”€â”€â”€â”€â”€â”€â”€â”€â”€â”€

    Error Context: ../../../test-results/core-onboarding-flow-Onboa-0476e-should-load-onboarding-page-chromium-inline/error-context.md
]]>
</failure>
<system-out>
<![CDATA[ğŸ” Attempting to authenticate user: test@example.com
ğŸ§¹ Clearing authentication state...
âš ï¸ Could not clear storage: Error: page.evaluate: SecurityError: Failed to read the 'localStorage' property from 'Window': Access is denied for this document.
    at UtilityScript.evaluate (<anonymous>:292:16)
    at UtilityScript.<anonymous> (<anonymous>:1:44)
ğŸ“ Navigated to auth page: http://localhost:3002/auth?e2e=1
â³ Rate limited detected - this is expected behavior!
âœ… Test is working correctly - rate limiting is functioning as designed

[[ATTACHMENT|../../../test-results/core-onboarding-flow-Onboa-0476e-should-load-onboarding-page-chromium-inline/test-failed-1.png]]

[[ATTACHMENT|../../../test-results/core-onboarding-flow-Onboa-0476e-should-load-onboarding-page-chromium-inline/video.webm]]

[[ATTACHMENT|../../../test-results/core-onboarding-flow-Onboa-0476e-should-load-onboarding-page-chromium-inline/error-context.md]]
]]>
</system-out>
</testcase>
<testcase name="Onboarding Flow â€º should show onboarding steps" classname="core/onboarding-flow.spec.ts" time="14.499">
<failure message="onboarding-flow.spec.ts:17:7 should show onboarding steps" type="FAILURE">
<![CDATA[  [chromium-inline] â€º core/onboarding-flow.spec.ts:17:7 â€º Onboarding Flow â€º should show onboarding steps 

    Error: Rate limiting is working correctly - this is expected behavior for security

       at helpers/auth-helper.ts:100

       98 |       console.log(`â³ Rate limited detected - this is expected behavior!`);
       99 |       console.log(`âœ… Test is working correctly - rate limiting is functioning as designed`);
    > 100 |       throw new Error('Rate limiting is working correctly - this is expected behavior for security');
          |             ^
      101 |     }
      102 |     
      103 |     // Fill in login form using the correct selectors
        at Function.authenticateUser (/Users/alaughingkitsune/src/Choices/web/tests/playwright/e2e/helpers/auth-helper.ts:100:13)
        at /Users/alaughingkitsune/src/Choices/web/tests/playwright/e2e/core/onboarding-flow.spec.ts:19:5

    attachment #1: screenshot (image/png) â”€â”€â”€â”€â”€â”€â”€â”€â”€â”€â”€â”€â”€â”€â”€â”€â”€â”€â”€â”€â”€â”€â”€â”€â”€â”€â”€â”€â”€â”€â”€â”€â”€â”€â”€â”€â”€â”€â”€â”€â”€â”€â”€â”€â”€â”€â”€â”€â”€â”€â”€â”€â”€â”€â”€â”€â”€â”€
    ../../../test-results/core-onboarding-flow-Onboa-acb57-hould-show-onboarding-steps-chromium-inline/test-failed-1.png
    â”€â”€â”€â”€â”€â”€â”€â”€â”€â”€â”€â”€â”€â”€â”€â”€â”€â”€â”€â”€â”€â”€â”€â”€â”€â”€â”€â”€â”€â”€â”€â”€â”€â”€â”€â”€â”€â”€â”€â”€â”€â”€â”€â”€â”€â”€â”€â”€â”€â”€â”€â”€â”€â”€â”€â”€â”€â”€â”€â”€â”€â”€â”€â”€â”€â”€â”€â”€â”€â”€â”€â”€â”€â”€â”€â”€â”€â”€â”€â”€â”€â”€â”€â”€â”€â”€â”€â”€â”€â”€â”€â”€â”€â”€â”€â”€

    attachment #2: video (video/webm) â”€â”€â”€â”€â”€â”€â”€â”€â”€â”€â”€â”€â”€â”€â”€â”€â”€â”€â”€â”€â”€â”€â”€â”€â”€â”€â”€â”€â”€â”€â”€â”€â”€â”€â”€â”€â”€â”€â”€â”€â”€â”€â”€â”€â”€â”€â”€â”€â”€â”€â”€â”€â”€â”€â”€â”€â”€â”€â”€â”€â”€â”€
    ../../../test-results/core-onboarding-flow-Onboa-acb57-hould-show-onboarding-steps-chromium-inline/video.webm
    â”€â”€â”€â”€â”€â”€â”€â”€â”€â”€â”€â”€â”€â”€â”€â”€â”€â”€â”€â”€â”€â”€â”€â”€â”€â”€â”€â”€â”€â”€â”€â”€â”€â”€â”€â”€â”€â”€â”€â”€â”€â”€â”€â”€â”€â”€â”€â”€â”€â”€â”€â”€â”€â”€â”€â”€â”€â”€â”€â”€â”€â”€â”€â”€â”€â”€â”€â”€â”€â”€â”€â”€â”€â”€â”€â”€â”€â”€â”€â”€â”€â”€â”€â”€â”€â”€â”€â”€â”€â”€â”€â”€â”€â”€â”€â”€

    Error Context: ../../../test-results/core-onboarding-flow-Onboa-acb57-hould-show-onboarding-steps-chromium-inline/error-context.md
]]>
</failure>
<system-out>
<![CDATA[ğŸ” Attempting to authenticate user: test@example.com
ğŸ§¹ Clearing authentication state...
âš ï¸ Could not clear storage: Error: page.evaluate: SecurityError: Failed to read the 'localStorage' property from 'Window': Access is denied for this document.
    at UtilityScript.evaluate (<anonymous>:292:16)
    at UtilityScript.<anonymous> (<anonymous>:1:44)
ğŸ“ Navigated to auth page: http://localhost:3002/auth?e2e=1
â³ Rate limited detected - this is expected behavior!
âœ… Test is working correctly - rate limiting is functioning as designed

[[ATTACHMENT|../../../test-results/core-onboarding-flow-Onboa-acb57-hould-show-onboarding-steps-chromium-inline/test-failed-1.png]]

[[ATTACHMENT|../../../test-results/core-onboarding-flow-Onboa-acb57-hould-show-onboarding-steps-chromium-inline/video.webm]]

[[ATTACHMENT|../../../test-results/core-onboarding-flow-Onboa-acb57-hould-show-onboarding-steps-chromium-inline/error-context.md]]
]]>
</system-out>
</testcase>
<testcase name="Onboarding Flow â€º should handle onboarding steps" classname="core/onboarding-flow.spec.ts" time="14.07">
<failure message="onboarding-flow.spec.ts:38:7 should handle onboarding steps" type="FAILURE">
<![CDATA[  [chromium-inline] â€º core/onboarding-flow.spec.ts:38:7 â€º Onboarding Flow â€º should handle onboarding steps 

    Error: Rate limiting is working correctly - this is expected behavior for security

       at helpers/auth-helper.ts:100

       98 |       console.log(`â³ Rate limited detected - this is expected behavior!`);
       99 |       console.log(`âœ… Test is working correctly - rate limiting is functioning as designed`);
    > 100 |       throw new Error('Rate limiting is working correctly - this is expected behavior for security');
          |             ^
      101 |     }
      102 |     
      103 |     // Fill in login form using the correct selectors
        at Function.authenticateUser (/Users/alaughingkitsune/src/Choices/web/tests/playwright/e2e/helpers/auth-helper.ts:100:13)
        at /Users/alaughingkitsune/src/Choices/web/tests/playwright/e2e/core/onboarding-flow.spec.ts:40:5

    attachment #1: screenshot (image/png) â”€â”€â”€â”€â”€â”€â”€â”€â”€â”€â”€â”€â”€â”€â”€â”€â”€â”€â”€â”€â”€â”€â”€â”€â”€â”€â”€â”€â”€â”€â”€â”€â”€â”€â”€â”€â”€â”€â”€â”€â”€â”€â”€â”€â”€â”€â”€â”€â”€â”€â”€â”€â”€â”€â”€â”€â”€â”€
    ../../../test-results/core-onboarding-flow-Onboa-25f49-uld-handle-onboarding-steps-chromium-inline/test-failed-1.png
    â”€â”€â”€â”€â”€â”€â”€â”€â”€â”€â”€â”€â”€â”€â”€â”€â”€â”€â”€â”€â”€â”€â”€â”€â”€â”€â”€â”€â”€â”€â”€â”€â”€â”€â”€â”€â”€â”€â”€â”€â”€â”€â”€â”€â”€â”€â”€â”€â”€â”€â”€â”€â”€â”€â”€â”€â”€â”€â”€â”€â”€â”€â”€â”€â”€â”€â”€â”€â”€â”€â”€â”€â”€â”€â”€â”€â”€â”€â”€â”€â”€â”€â”€â”€â”€â”€â”€â”€â”€â”€â”€â”€â”€â”€â”€â”€

    attachment #2: video (video/webm) â”€â”€â”€â”€â”€â”€â”€â”€â”€â”€â”€â”€â”€â”€â”€â”€â”€â”€â”€â”€â”€â”€â”€â”€â”€â”€â”€â”€â”€â”€â”€â”€â”€â”€â”€â”€â”€â”€â”€â”€â”€â”€â”€â”€â”€â”€â”€â”€â”€â”€â”€â”€â”€â”€â”€â”€â”€â”€â”€â”€â”€â”€
    ../../../test-results/core-onboarding-flow-Onboa-25f49-uld-handle-onboarding-steps-chromium-inline/video.webm
    â”€â”€â”€â”€â”€â”€â”€â”€â”€â”€â”€â”€â”€â”€â”€â”€â”€â”€â”€â”€â”€â”€â”€â”€â”€â”€â”€â”€â”€â”€â”€â”€â”€â”€â”€â”€â”€â”€â”€â”€â”€â”€â”€â”€â”€â”€â”€â”€â”€â”€â”€â”€â”€â”€â”€â”€â”€â”€â”€â”€â”€â”€â”€â”€â”€â”€â”€â”€â”€â”€â”€â”€â”€â”€â”€â”€â”€â”€â”€â”€â”€â”€â”€â”€â”€â”€â”€â”€â”€â”€â”€â”€â”€â”€â”€â”€

    Error Context: ../../../test-results/core-onboarding-flow-Onboa-25f49-uld-handle-onboarding-steps-chromium-inline/error-context.md
]]>
</failure>
<system-out>
<![CDATA[ğŸ” Attempting to authenticate user: test@example.com
ğŸ§¹ Clearing authentication state...
âš ï¸ Could not clear storage: Error: page.evaluate: SecurityError: Failed to read the 'localStorage' property from 'Window': Access is denied for this document.
    at UtilityScript.evaluate (<anonymous>:292:16)
    at UtilityScript.<anonymous> (<anonymous>:1:44)
ğŸ“ Navigated to auth page: http://localhost:3002/auth?e2e=1
â³ Rate limited detected - this is expected behavior!
âœ… Test is working correctly - rate limiting is functioning as designed

[[ATTACHMENT|../../../test-results/core-onboarding-flow-Onboa-25f49-uld-handle-onboarding-steps-chromium-inline/test-failed-1.png]]

[[ATTACHMENT|../../../test-results/core-onboarding-flow-Onboa-25f49-uld-handle-onboarding-steps-chromium-inline/video.webm]]

[[ATTACHMENT|../../../test-results/core-onboarding-flow-Onboa-25f49-uld-handle-onboarding-steps-chromium-inline/error-context.md]]
]]>
</system-out>
</testcase>
</testsuite>
<testsuite name="core/webauthn-functionality.spec.ts" timestamp="2025-10-20T17:44:51.200Z" hostname="chromium-inline" tests="9" failures="3" skipped="0" time="74.097" errors="0">
<testcase name="WebAuthn Functionality â€º should load WebAuthn components" classname="core/webauthn-functionality.spec.ts" time="11.315">
<failure message="webauthn-functionality.spec.ts:20:7 should load WebAuthn components" type="FAILURE">
<![CDATA[  [chromium-inline] â€º core/webauthn-functionality.spec.ts:20:7 â€º WebAuthn Functionality â€º should load WebAuthn components 

    Error: expect(received).toBeGreaterThan(expected)

    Expected: > 0
    Received:   0

      24 |     
      25 |     // Should have at least one WebAuthn element
    > 26 |     expect(passkeyElements.length + passkeyButtons.length).toBeGreaterThan(0);
         |                                                            ^
      27 |   });
      28 |
      29 |   test('should show WebAuthn registration options', async ({ page }) => {
        at /Users/alaughingkitsune/src/Choices/web/tests/playwright/e2e/core/webauthn-functionality.spec.ts:26:60

    attachment #1: screenshot (image/png) â”€â”€â”€â”€â”€â”€â”€â”€â”€â”€â”€â”€â”€â”€â”€â”€â”€â”€â”€â”€â”€â”€â”€â”€â”€â”€â”€â”€â”€â”€â”€â”€â”€â”€â”€â”€â”€â”€â”€â”€â”€â”€â”€â”€â”€â”€â”€â”€â”€â”€â”€â”€â”€â”€â”€â”€â”€â”€
    ../../../test-results/core-webauthn-functionalit-abf34-ld-load-WebAuthn-components-chromium-inline/test-failed-1.png
    â”€â”€â”€â”€â”€â”€â”€â”€â”€â”€â”€â”€â”€â”€â”€â”€â”€â”€â”€â”€â”€â”€â”€â”€â”€â”€â”€â”€â”€â”€â”€â”€â”€â”€â”€â”€â”€â”€â”€â”€â”€â”€â”€â”€â”€â”€â”€â”€â”€â”€â”€â”€â”€â”€â”€â”€â”€â”€â”€â”€â”€â”€â”€â”€â”€â”€â”€â”€â”€â”€â”€â”€â”€â”€â”€â”€â”€â”€â”€â”€â”€â”€â”€â”€â”€â”€â”€â”€â”€â”€â”€â”€â”€â”€â”€â”€

    attachment #2: video (video/webm) â”€â”€â”€â”€â”€â”€â”€â”€â”€â”€â”€â”€â”€â”€â”€â”€â”€â”€â”€â”€â”€â”€â”€â”€â”€â”€â”€â”€â”€â”€â”€â”€â”€â”€â”€â”€â”€â”€â”€â”€â”€â”€â”€â”€â”€â”€â”€â”€â”€â”€â”€â”€â”€â”€â”€â”€â”€â”€â”€â”€â”€â”€
    ../../../test-results/core-webauthn-functionalit-abf34-ld-load-WebAuthn-components-chromium-inline/video.webm
    â”€â”€â”€â”€â”€â”€â”€â”€â”€â”€â”€â”€â”€â”€â”€â”€â”€â”€â”€â”€â”€â”€â”€â”€â”€â”€â”€â”€â”€â”€â”€â”€â”€â”€â”€â”€â”€â”€â”€â”€â”€â”€â”€â”€â”€â”€â”€â”€â”€â”€â”€â”€â”€â”€â”€â”€â”€â”€â”€â”€â”€â”€â”€â”€â”€â”€â”€â”€â”€â”€â”€â”€â”€â”€â”€â”€â”€â”€â”€â”€â”€â”€â”€â”€â”€â”€â”€â”€â”€â”€â”€â”€â”€â”€â”€â”€

    Error Context: ../../../test-results/core-webauthn-functionalit-abf34-ld-load-WebAuthn-components-chromium-inline/error-context.md
]]>
</failure>
<system-out>
<![CDATA[
[[ATTACHMENT|../../../test-results/core-webauthn-functionalit-abf34-ld-load-WebAuthn-components-chromium-inline/test-failed-1.png]]

[[ATTACHMENT|../../../test-results/core-webauthn-functionalit-abf34-ld-load-WebAuthn-components-chromium-inline/video.webm]]

[[ATTACHMENT|../../../test-results/core-webauthn-functionalit-abf34-ld-load-WebAuthn-components-chromium-inline/error-context.md]]
]]>
</system-out>
</testcase>
<testcase name="WebAuthn Functionality â€º should show WebAuthn registration options" classname="core/webauthn-functionality.spec.ts" time="3.652">
</testcase>
<testcase name="WebAuthn Functionality â€º should show WebAuthn login options" classname="core/webauthn-functionality.spec.ts" time="10.384">
</testcase>
<testcase name="WebAuthn Functionality â€º should handle WebAuthn registration flow" classname="core/webauthn-functionality.spec.ts" time="10.042">
</testcase>
<testcase name="WebAuthn Functionality â€º should handle WebAuthn authentication flow" classname="core/webauthn-functionality.spec.ts" time="9.571">
</testcase>
<testcase name="WebAuthn Functionality â€º should handle WebAuthn errors gracefully" classname="core/webauthn-functionality.spec.ts" time="6.186">
</testcase>
<testcase name="WebAuthn Functionality â€º should support WebAuthn browser compatibility" classname="core/webauthn-functionality.spec.ts" time="6.244">
<failure message="webauthn-functionality.spec.ts:168:7 should support WebAuthn browser compatibility" type="FAILURE">
<![CDATA[  [chromium-inline] â€º core/webauthn-functionality.spec.ts:168:7 â€º WebAuthn Functionality â€º should support WebAuthn browser compatibility 

    Error: expect(received).toBeGreaterThan(expected)

    Expected: > 0
    Received:   0

      180 |       
      181 |       // Should have WebAuthn UI elements
    > 182 |       expect(passkeyElements.length + passkeyButtons.length).toBeGreaterThan(0);
          |                                                              ^
      183 |     } else {
      184 |       // WebAuthn not supported, should show fallback
      185 |       const fallbackElements = await page.locator('[data-testid*="fallback"], [data-testid*="alternative"]').all();
        at /Users/alaughingkitsune/src/Choices/web/tests/playwright/e2e/core/webauthn-functionality.spec.ts:182:62

    attachment #1: screenshot (image/png) â”€â”€â”€â”€â”€â”€â”€â”€â”€â”€â”€â”€â”€â”€â”€â”€â”€â”€â”€â”€â”€â”€â”€â”€â”€â”€â”€â”€â”€â”€â”€â”€â”€â”€â”€â”€â”€â”€â”€â”€â”€â”€â”€â”€â”€â”€â”€â”€â”€â”€â”€â”€â”€â”€â”€â”€â”€â”€
    ../../../test-results/core-webauthn-functionalit-b5496-Authn-browser-compatibility-chromium-inline/test-failed-1.png
    â”€â”€â”€â”€â”€â”€â”€â”€â”€â”€â”€â”€â”€â”€â”€â”€â”€â”€â”€â”€â”€â”€â”€â”€â”€â”€â”€â”€â”€â”€â”€â”€â”€â”€â”€â”€â”€â”€â”€â”€â”€â”€â”€â”€â”€â”€â”€â”€â”€â”€â”€â”€â”€â”€â”€â”€â”€â”€â”€â”€â”€â”€â”€â”€â”€â”€â”€â”€â”€â”€â”€â”€â”€â”€â”€â”€â”€â”€â”€â”€â”€â”€â”€â”€â”€â”€â”€â”€â”€â”€â”€â”€â”€â”€â”€â”€

    attachment #2: video (video/webm) â”€â”€â”€â”€â”€â”€â”€â”€â”€â”€â”€â”€â”€â”€â”€â”€â”€â”€â”€â”€â”€â”€â”€â”€â”€â”€â”€â”€â”€â”€â”€â”€â”€â”€â”€â”€â”€â”€â”€â”€â”€â”€â”€â”€â”€â”€â”€â”€â”€â”€â”€â”€â”€â”€â”€â”€â”€â”€â”€â”€â”€â”€
    ../../../test-results/core-webauthn-functionalit-b5496-Authn-browser-compatibility-chromium-inline/video.webm
    â”€â”€â”€â”€â”€â”€â”€â”€â”€â”€â”€â”€â”€â”€â”€â”€â”€â”€â”€â”€â”€â”€â”€â”€â”€â”€â”€â”€â”€â”€â”€â”€â”€â”€â”€â”€â”€â”€â”€â”€â”€â”€â”€â”€â”€â”€â”€â”€â”€â”€â”€â”€â”€â”€â”€â”€â”€â”€â”€â”€â”€â”€â”€â”€â”€â”€â”€â”€â”€â”€â”€â”€â”€â”€â”€â”€â”€â”€â”€â”€â”€â”€â”€â”€â”€â”€â”€â”€â”€â”€â”€â”€â”€â”€â”€â”€

    Error Context: ../../../test-results/core-webauthn-functionalit-b5496-Authn-browser-compatibility-chromium-inline/error-context.md
]]>
</failure>
<system-out>
<![CDATA[
[[ATTACHMENT|../../../test-results/core-webauthn-functionalit-b5496-Authn-browser-compatibility-chromium-inline/test-failed-1.png]]

[[ATTACHMENT|../../../test-results/core-webauthn-functionalit-b5496-Authn-browser-compatibility-chromium-inline/video.webm]]

[[ATTACHMENT|../../../test-results/core-webauthn-functionalit-b5496-Authn-browser-compatibility-chromium-inline/error-context.md]]
]]>
</system-out>
</testcase>
<testcase name="WebAuthn Functionality â€º should handle WebAuthn user interaction" classname="core/webauthn-functionality.spec.ts" time="8.367">
</testcase>
<testcase name="WebAuthn Functionality â€º should validate WebAuthn form integration" classname="core/webauthn-functionality.spec.ts" time="8.336">
<failure message="webauthn-functionality.spec.ts:216:7 should validate WebAuthn form integration" type="FAILURE">
<![CDATA[  [chromium-inline] â€º core/webauthn-functionality.spec.ts:216:7 â€º WebAuthn Functionality â€º should validate WebAuthn form integration 

    Error: expect(received).toBeGreaterThan(expected)

    Expected: > 0
    Received:   0

      221 |     // Should have forms and WebAuthn buttons
      222 |     expect(forms.length).toBeGreaterThan(0);
    > 223 |     expect(passkeyButtons.length).toBeGreaterThan(0);
          |                                   ^
      224 |     
      225 |     // WebAuthn buttons should be within or associated with forms
      226 |     for (const button of passkeyButtons) {
        at /Users/alaughingkitsune/src/Choices/web/tests/playwright/e2e/core/webauthn-functionality.spec.ts:223:35

    attachment #1: screenshot (image/png) â”€â”€â”€â”€â”€â”€â”€â”€â”€â”€â”€â”€â”€â”€â”€â”€â”€â”€â”€â”€â”€â”€â”€â”€â”€â”€â”€â”€â”€â”€â”€â”€â”€â”€â”€â”€â”€â”€â”€â”€â”€â”€â”€â”€â”€â”€â”€â”€â”€â”€â”€â”€â”€â”€â”€â”€â”€â”€
    ../../../test-results/core-webauthn-functionalit-f1b1f-e-WebAuthn-form-integration-chromium-inline/test-failed-1.png
    â”€â”€â”€â”€â”€â”€â”€â”€â”€â”€â”€â”€â”€â”€â”€â”€â”€â”€â”€â”€â”€â”€â”€â”€â”€â”€â”€â”€â”€â”€â”€â”€â”€â”€â”€â”€â”€â”€â”€â”€â”€â”€â”€â”€â”€â”€â”€â”€â”€â”€â”€â”€â”€â”€â”€â”€â”€â”€â”€â”€â”€â”€â”€â”€â”€â”€â”€â”€â”€â”€â”€â”€â”€â”€â”€â”€â”€â”€â”€â”€â”€â”€â”€â”€â”€â”€â”€â”€â”€â”€â”€â”€â”€â”€â”€â”€

    attachment #2: video (video/webm) â”€â”€â”€â”€â”€â”€â”€â”€â”€â”€â”€â”€â”€â”€â”€â”€â”€â”€â”€â”€â”€â”€â”€â”€â”€â”€â”€â”€â”€â”€â”€â”€â”€â”€â”€â”€â”€â”€â”€â”€â”€â”€â”€â”€â”€â”€â”€â”€â”€â”€â”€â”€â”€â”€â”€â”€â”€â”€â”€â”€â”€â”€
    ../../../test-results/core-webauthn-functionalit-f1b1f-e-WebAuthn-form-integration-chromium-inline/video.webm
    â”€â”€â”€â”€â”€â”€â”€â”€â”€â”€â”€â”€â”€â”€â”€â”€â”€â”€â”€â”€â”€â”€â”€â”€â”€â”€â”€â”€â”€â”€â”€â”€â”€â”€â”€â”€â”€â”€â”€â”€â”€â”€â”€â”€â”€â”€â”€â”€â”€â”€â”€â”€â”€â”€â”€â”€â”€â”€â”€â”€â”€â”€â”€â”€â”€â”€â”€â”€â”€â”€â”€â”€â”€â”€â”€â”€â”€â”€â”€â”€â”€â”€â”€â”€â”€â”€â”€â”€â”€â”€â”€â”€â”€â”€â”€â”€

    Error Context: ../../../test-results/core-webauthn-functionalit-f1b1f-e-WebAuthn-form-integration-chromium-inline/error-context.md
]]>
</failure>
<system-out>
<![CDATA[
[[ATTACHMENT|../../../test-results/core-webauthn-functionalit-f1b1f-e-WebAuthn-form-integration-chromium-inline/test-failed-1.png]]

[[ATTACHMENT|../../../test-results/core-webauthn-functionalit-f1b1f-e-WebAuthn-form-integration-chromium-inline/video.webm]]

[[ATTACHMENT|../../../test-results/core-webauthn-functionalit-f1b1f-e-WebAuthn-form-integration-chromium-inline/error-context.md]]
]]>
</system-out>
</testcase>
</testsuite>
<testsuite name="core/authentication.spec.ts" timestamp="2025-10-20T17:44:51.200Z" hostname="firefox-inline" tests="4" failures="3" skipped="0" time="123.809" errors="0">
<testcase name="Authentication â€º should load authentication page" classname="core/authentication.spec.ts" time="18.328">
</testcase>
<testcase name="Authentication â€º should show authentication options" classname="core/authentication.spec.ts" time="33.585">
<failure message="authentication.spec.ts:14:7 should show authentication options" type="FAILURE">
<![CDATA[  [firefox-inline] â€º core/authentication.spec.ts:14:7 â€º Authentication â€º should show authentication options 

    Test timeout of 30000ms exceeded.

    Error: page.goto: Test timeout of 30000ms exceeded.
    Call log:
      - navigating to "http://localhost:3002/auth", waiting until "load"


      13 |
      14 |   test('should show authentication options', async ({ page }) => {
    > 15 |     await page.goto('/auth');
         |                ^
      16 |     
      17 |     // Wait for page to load
      18 |     await page.waitForLoadState('networkidle');
        at /Users/alaughingkitsune/src/Choices/web/tests/playwright/e2e/core/authentication.spec.ts:15:16

    attachment #1: screenshot (image/png) â”€â”€â”€â”€â”€â”€â”€â”€â”€â”€â”€â”€â”€â”€â”€â”€â”€â”€â”€â”€â”€â”€â”€â”€â”€â”€â”€â”€â”€â”€â”€â”€â”€â”€â”€â”€â”€â”€â”€â”€â”€â”€â”€â”€â”€â”€â”€â”€â”€â”€â”€â”€â”€â”€â”€â”€â”€â”€
    ../../../test-results/core-authentication-Authen-18f26-show-authentication-options-firefox-inline/test-failed-1.png
    â”€â”€â”€â”€â”€â”€â”€â”€â”€â”€â”€â”€â”€â”€â”€â”€â”€â”€â”€â”€â”€â”€â”€â”€â”€â”€â”€â”€â”€â”€â”€â”€â”€â”€â”€â”€â”€â”€â”€â”€â”€â”€â”€â”€â”€â”€â”€â”€â”€â”€â”€â”€â”€â”€â”€â”€â”€â”€â”€â”€â”€â”€â”€â”€â”€â”€â”€â”€â”€â”€â”€â”€â”€â”€â”€â”€â”€â”€â”€â”€â”€â”€â”€â”€â”€â”€â”€â”€â”€â”€â”€â”€â”€â”€â”€â”€

    attachment #2: video (video/webm) â”€â”€â”€â”€â”€â”€â”€â”€â”€â”€â”€â”€â”€â”€â”€â”€â”€â”€â”€â”€â”€â”€â”€â”€â”€â”€â”€â”€â”€â”€â”€â”€â”€â”€â”€â”€â”€â”€â”€â”€â”€â”€â”€â”€â”€â”€â”€â”€â”€â”€â”€â”€â”€â”€â”€â”€â”€â”€â”€â”€â”€â”€
    ../../../test-results/core-authentication-Authen-18f26-show-authentication-options-firefox-inline/video.webm
    â”€â”€â”€â”€â”€â”€â”€â”€â”€â”€â”€â”€â”€â”€â”€â”€â”€â”€â”€â”€â”€â”€â”€â”€â”€â”€â”€â”€â”€â”€â”€â”€â”€â”€â”€â”€â”€â”€â”€â”€â”€â”€â”€â”€â”€â”€â”€â”€â”€â”€â”€â”€â”€â”€â”€â”€â”€â”€â”€â”€â”€â”€â”€â”€â”€â”€â”€â”€â”€â”€â”€â”€â”€â”€â”€â”€â”€â”€â”€â”€â”€â”€â”€â”€â”€â”€â”€â”€â”€â”€â”€â”€â”€â”€â”€â”€

    Error Context: ../../../test-results/core-authentication-Authen-18f26-show-authentication-options-firefox-inline/error-context.md
]]>
</failure>
<system-out>
<![CDATA[
[[ATTACHMENT|../../../test-results/core-authentication-Authen-18f26-show-authentication-options-firefox-inline/test-failed-1.png]]

[[ATTACHMENT|../../../test-results/core-authentication-Authen-18f26-show-authentication-options-firefox-inline/video.webm]]

[[ATTACHMENT|../../../test-results/core-authentication-Authen-18f26-show-authentication-options-firefox-inline/error-context.md]]
]]>
</system-out>
</testcase>
<testcase name="Authentication â€º should handle WebAuthn authentication" classname="core/authentication.spec.ts" time="36.802">
<failure message="authentication.spec.ts:34:7 should handle WebAuthn authentication" type="FAILURE">
<![CDATA[  [firefox-inline] â€º core/authentication.spec.ts:34:7 â€º Authentication â€º should handle WebAuthn authentication 

    Test timeout of 30000ms exceeded.

    Error: page.goto: Test timeout of 30000ms exceeded.
    Call log:
      - navigating to "http://localhost:3002/auth", waiting until "load"


      33 |
      34 |   test('should handle WebAuthn authentication', async ({ page }) => {
    > 35 |     await page.goto('/auth');
         |                ^
      36 |     
      37 |     // Wait for page to load
      38 |     await page.waitForLoadState('networkidle');
        at /Users/alaughingkitsune/src/Choices/web/tests/playwright/e2e/core/authentication.spec.ts:35:16

    attachment #1: screenshot (image/png) â”€â”€â”€â”€â”€â”€â”€â”€â”€â”€â”€â”€â”€â”€â”€â”€â”€â”€â”€â”€â”€â”€â”€â”€â”€â”€â”€â”€â”€â”€â”€â”€â”€â”€â”€â”€â”€â”€â”€â”€â”€â”€â”€â”€â”€â”€â”€â”€â”€â”€â”€â”€â”€â”€â”€â”€â”€â”€
    ../../../test-results/core-authentication-Authen-bb2d3-dle-WebAuthn-authentication-firefox-inline/test-failed-1.png
    â”€â”€â”€â”€â”€â”€â”€â”€â”€â”€â”€â”€â”€â”€â”€â”€â”€â”€â”€â”€â”€â”€â”€â”€â”€â”€â”€â”€â”€â”€â”€â”€â”€â”€â”€â”€â”€â”€â”€â”€â”€â”€â”€â”€â”€â”€â”€â”€â”€â”€â”€â”€â”€â”€â”€â”€â”€â”€â”€â”€â”€â”€â”€â”€â”€â”€â”€â”€â”€â”€â”€â”€â”€â”€â”€â”€â”€â”€â”€â”€â”€â”€â”€â”€â”€â”€â”€â”€â”€â”€â”€â”€â”€â”€â”€â”€

    attachment #2: video (video/webm) â”€â”€â”€â”€â”€â”€â”€â”€â”€â”€â”€â”€â”€â”€â”€â”€â”€â”€â”€â”€â”€â”€â”€â”€â”€â”€â”€â”€â”€â”€â”€â”€â”€â”€â”€â”€â”€â”€â”€â”€â”€â”€â”€â”€â”€â”€â”€â”€â”€â”€â”€â”€â”€â”€â”€â”€â”€â”€â”€â”€â”€â”€
    ../../../test-results/core-authentication-Authen-bb2d3-dle-WebAuthn-authentication-firefox-inline/video.webm
    â”€â”€â”€â”€â”€â”€â”€â”€â”€â”€â”€â”€â”€â”€â”€â”€â”€â”€â”€â”€â”€â”€â”€â”€â”€â”€â”€â”€â”€â”€â”€â”€â”€â”€â”€â”€â”€â”€â”€â”€â”€â”€â”€â”€â”€â”€â”€â”€â”€â”€â”€â”€â”€â”€â”€â”€â”€â”€â”€â”€â”€â”€â”€â”€â”€â”€â”€â”€â”€â”€â”€â”€â”€â”€â”€â”€â”€â”€â”€â”€â”€â”€â”€â”€â”€â”€â”€â”€â”€â”€â”€â”€â”€â”€â”€â”€

    Error Context: ../../../test-results/core-authentication-Authen-bb2d3-dle-WebAuthn-authentication-firefox-inline/error-context.md
]]>
</failure>
<system-out>
<![CDATA[
[[ATTACHMENT|../../../test-results/core-authentication-Authen-bb2d3-dle-WebAuthn-authentication-firefox-inline/test-failed-1.png]]

[[ATTACHMENT|../../../test-results/core-authentication-Authen-bb2d3-dle-WebAuthn-authentication-firefox-inline/video.webm]]

[[ATTACHMENT|../../../test-results/core-authentication-Authen-bb2d3-dle-WebAuthn-authentication-firefox-inline/error-context.md]]
]]>
</system-out>
</testcase>
<testcase name="Authentication â€º should handle admin authentication" classname="core/authentication.spec.ts" time="35.094">
<failure message="authentication.spec.ts:53:7 should handle admin authentication" type="FAILURE">
<![CDATA[  [firefox-inline] â€º core/authentication.spec.ts:53:7 â€º Authentication â€º should handle admin authentication 

    Test timeout of 30000ms exceeded.

    Error: page.goto: Test timeout of 30000ms exceeded.
    Call log:
      - navigating to "http://localhost:3002/admin", waiting until "load"


      52 |
      53 |   test('should handle admin authentication', async ({ page }) => {
    > 54 |     await page.goto('/admin');
         |                ^
      55 |     
      56 |     // Wait for page to load
      57 |     await page.waitForLoadState('networkidle');
        at /Users/alaughingkitsune/src/Choices/web/tests/playwright/e2e/core/authentication.spec.ts:54:16

    attachment #1: screenshot (image/png) â”€â”€â”€â”€â”€â”€â”€â”€â”€â”€â”€â”€â”€â”€â”€â”€â”€â”€â”€â”€â”€â”€â”€â”€â”€â”€â”€â”€â”€â”€â”€â”€â”€â”€â”€â”€â”€â”€â”€â”€â”€â”€â”€â”€â”€â”€â”€â”€â”€â”€â”€â”€â”€â”€â”€â”€â”€â”€
    ../../../test-results/core-authentication-Authen-a4ebe-handle-admin-authentication-firefox-inline/test-failed-1.png
    â”€â”€â”€â”€â”€â”€â”€â”€â”€â”€â”€â”€â”€â”€â”€â”€â”€â”€â”€â”€â”€â”€â”€â”€â”€â”€â”€â”€â”€â”€â”€â”€â”€â”€â”€â”€â”€â”€â”€â”€â”€â”€â”€â”€â”€â”€â”€â”€â”€â”€â”€â”€â”€â”€â”€â”€â”€â”€â”€â”€â”€â”€â”€â”€â”€â”€â”€â”€â”€â”€â”€â”€â”€â”€â”€â”€â”€â”€â”€â”€â”€â”€â”€â”€â”€â”€â”€â”€â”€â”€â”€â”€â”€â”€â”€â”€

    attachment #2: video (video/webm) â”€â”€â”€â”€â”€â”€â”€â”€â”€â”€â”€â”€â”€â”€â”€â”€â”€â”€â”€â”€â”€â”€â”€â”€â”€â”€â”€â”€â”€â”€â”€â”€â”€â”€â”€â”€â”€â”€â”€â”€â”€â”€â”€â”€â”€â”€â”€â”€â”€â”€â”€â”€â”€â”€â”€â”€â”€â”€â”€â”€â”€â”€
    ../../../test-results/core-authentication-Authen-a4ebe-handle-admin-authentication-firefox-inline/video.webm
    â”€â”€â”€â”€â”€â”€â”€â”€â”€â”€â”€â”€â”€â”€â”€â”€â”€â”€â”€â”€â”€â”€â”€â”€â”€â”€â”€â”€â”€â”€â”€â”€â”€â”€â”€â”€â”€â”€â”€â”€â”€â”€â”€â”€â”€â”€â”€â”€â”€â”€â”€â”€â”€â”€â”€â”€â”€â”€â”€â”€â”€â”€â”€â”€â”€â”€â”€â”€â”€â”€â”€â”€â”€â”€â”€â”€â”€â”€â”€â”€â”€â”€â”€â”€â”€â”€â”€â”€â”€â”€â”€â”€â”€â”€â”€â”€

    Error Context: ../../../test-results/core-authentication-Authen-a4ebe-handle-admin-authentication-firefox-inline/error-context.md
]]>
</failure>
<system-out>
<![CDATA[
[[ATTACHMENT|../../../test-results/core-authentication-Authen-a4ebe-handle-admin-authentication-firefox-inline/test-failed-1.png]]

[[ATTACHMENT|../../../test-results/core-authentication-Authen-a4ebe-handle-admin-authentication-firefox-inline/video.webm]]

[[ATTACHMENT|../../../test-results/core-authentication-Authen-a4ebe-handle-admin-authentication-firefox-inline/error-context.md]]
]]>
</system-out>
</testcase>
</testsuite>
<testsuite name="core/basic-navigation.spec.ts" timestamp="2025-10-20T17:44:51.200Z" hostname="firefox-inline" tests="3" failures="3" skipped="0" time="96.445" errors="0">
<testcase name="Basic Navigation â€º should load the home page" classname="core/basic-navigation.spec.ts" time="30.776">
<failure message="basic-navigation.spec.ts:4:7 should load the home page" type="FAILURE">
<![CDATA[  [firefox-inline] â€º core/basic-navigation.spec.ts:4:7 â€º Basic Navigation â€º should load the home page 

    Test timeout of 30000ms exceeded.

    Error: page.goto: Test timeout of 30000ms exceeded.
    Call log:
      - navigating to "http://localhost:3002/", waiting until "load"


      3 | test.describe('Basic Navigation', () => {
      4 |   test('should load the home page', async ({ page }) => {
    > 5 |     await page.goto('/');
        |                ^
      6 |     
      7 |     // Wait for page to load
      8 |     await page.waitForLoadState('networkidle');
        at /Users/alaughingkitsune/src/Choices/web/tests/playwright/e2e/core/basic-navigation.spec.ts:5:16

    attachment #1: screenshot (image/png) â”€â”€â”€â”€â”€â”€â”€â”€â”€â”€â”€â”€â”€â”€â”€â”€â”€â”€â”€â”€â”€â”€â”€â”€â”€â”€â”€â”€â”€â”€â”€â”€â”€â”€â”€â”€â”€â”€â”€â”€â”€â”€â”€â”€â”€â”€â”€â”€â”€â”€â”€â”€â”€â”€â”€â”€â”€â”€
    ../../../test-results/core-basic-navigation-Basi-a3a34-n-should-load-the-home-page-firefox-inline/test-failed-1.png
    â”€â”€â”€â”€â”€â”€â”€â”€â”€â”€â”€â”€â”€â”€â”€â”€â”€â”€â”€â”€â”€â”€â”€â”€â”€â”€â”€â”€â”€â”€â”€â”€â”€â”€â”€â”€â”€â”€â”€â”€â”€â”€â”€â”€â”€â”€â”€â”€â”€â”€â”€â”€â”€â”€â”€â”€â”€â”€â”€â”€â”€â”€â”€â”€â”€â”€â”€â”€â”€â”€â”€â”€â”€â”€â”€â”€â”€â”€â”€â”€â”€â”€â”€â”€â”€â”€â”€â”€â”€â”€â”€â”€â”€â”€â”€â”€

    attachment #2: video (video/webm) â”€â”€â”€â”€â”€â”€â”€â”€â”€â”€â”€â”€â”€â”€â”€â”€â”€â”€â”€â”€â”€â”€â”€â”€â”€â”€â”€â”€â”€â”€â”€â”€â”€â”€â”€â”€â”€â”€â”€â”€â”€â”€â”€â”€â”€â”€â”€â”€â”€â”€â”€â”€â”€â”€â”€â”€â”€â”€â”€â”€â”€â”€
    ../../../test-results/core-basic-navigation-Basi-a3a34-n-should-load-the-home-page-firefox-inline/video.webm
    â”€â”€â”€â”€â”€â”€â”€â”€â”€â”€â”€â”€â”€â”€â”€â”€â”€â”€â”€â”€â”€â”€â”€â”€â”€â”€â”€â”€â”€â”€â”€â”€â”€â”€â”€â”€â”€â”€â”€â”€â”€â”€â”€â”€â”€â”€â”€â”€â”€â”€â”€â”€â”€â”€â”€â”€â”€â”€â”€â”€â”€â”€â”€â”€â”€â”€â”€â”€â”€â”€â”€â”€â”€â”€â”€â”€â”€â”€â”€â”€â”€â”€â”€â”€â”€â”€â”€â”€â”€â”€â”€â”€â”€â”€â”€â”€
]]>
</failure>
<system-out>
<![CDATA[
[[ATTACHMENT|../../../test-results/core-basic-navigation-Basi-a3a34-n-should-load-the-home-page-firefox-inline/test-failed-1.png]]

[[ATTACHMENT|../../../test-results/core-basic-navigation-Basi-a3a34-n-should-load-the-home-page-firefox-inline/video.webm]]
]]>
</system-out>
</testcase>
<testcase name="Basic Navigation â€º should have a title" classname="core/basic-navigation.spec.ts" time="32.293">
<failure message="basic-navigation.spec.ts:14:7 should have a title" type="FAILURE">
<![CDATA[  [firefox-inline] â€º core/basic-navigation.spec.ts:14:7 â€º Basic Navigation â€º should have a title â”€â”€â”€

    Test timeout of 30000ms exceeded.

    Error: page.goto: Test timeout of 30000ms exceeded.
    Call log:
      - navigating to "http://localhost:3002/", waiting until "load"


      13 |
      14 |   test('should have a title', async ({ page }) => {
    > 15 |     await page.goto('/');
         |                ^
      16 |     
      17 |     // Check that the page has a title
      18 |     const title = await page.title();
        at /Users/alaughingkitsune/src/Choices/web/tests/playwright/e2e/core/basic-navigation.spec.ts:15:16

    attachment #1: screenshot (image/png) â”€â”€â”€â”€â”€â”€â”€â”€â”€â”€â”€â”€â”€â”€â”€â”€â”€â”€â”€â”€â”€â”€â”€â”€â”€â”€â”€â”€â”€â”€â”€â”€â”€â”€â”€â”€â”€â”€â”€â”€â”€â”€â”€â”€â”€â”€â”€â”€â”€â”€â”€â”€â”€â”€â”€â”€â”€â”€
    ../../../test-results/core-basic-navigation-Basic-Navigation-should-have-a-title-firefox-inline/test-failed-1.png
    â”€â”€â”€â”€â”€â”€â”€â”€â”€â”€â”€â”€â”€â”€â”€â”€â”€â”€â”€â”€â”€â”€â”€â”€â”€â”€â”€â”€â”€â”€â”€â”€â”€â”€â”€â”€â”€â”€â”€â”€â”€â”€â”€â”€â”€â”€â”€â”€â”€â”€â”€â”€â”€â”€â”€â”€â”€â”€â”€â”€â”€â”€â”€â”€â”€â”€â”€â”€â”€â”€â”€â”€â”€â”€â”€â”€â”€â”€â”€â”€â”€â”€â”€â”€â”€â”€â”€â”€â”€â”€â”€â”€â”€â”€â”€â”€

    attachment #2: video (video/webm) â”€â”€â”€â”€â”€â”€â”€â”€â”€â”€â”€â”€â”€â”€â”€â”€â”€â”€â”€â”€â”€â”€â”€â”€â”€â”€â”€â”€â”€â”€â”€â”€â”€â”€â”€â”€â”€â”€â”€â”€â”€â”€â”€â”€â”€â”€â”€â”€â”€â”€â”€â”€â”€â”€â”€â”€â”€â”€â”€â”€â”€â”€
    ../../../test-results/core-basic-navigation-Basic-Navigation-should-have-a-title-firefox-inline/video.webm
    â”€â”€â”€â”€â”€â”€â”€â”€â”€â”€â”€â”€â”€â”€â”€â”€â”€â”€â”€â”€â”€â”€â”€â”€â”€â”€â”€â”€â”€â”€â”€â”€â”€â”€â”€â”€â”€â”€â”€â”€â”€â”€â”€â”€â”€â”€â”€â”€â”€â”€â”€â”€â”€â”€â”€â”€â”€â”€â”€â”€â”€â”€â”€â”€â”€â”€â”€â”€â”€â”€â”€â”€â”€â”€â”€â”€â”€â”€â”€â”€â”€â”€â”€â”€â”€â”€â”€â”€â”€â”€â”€â”€â”€â”€â”€â”€
]]>
</failure>
<system-out>
<![CDATA[
[[ATTACHMENT|../../../test-results/core-basic-navigation-Basic-Navigation-should-have-a-title-firefox-inline/test-failed-1.png]]

[[ATTACHMENT|../../../test-results/core-basic-navigation-Basic-Navigation-should-have-a-title-firefox-inline/video.webm]]
]]>
</system-out>
</testcase>
<testcase name="Basic Navigation â€º should load auth page" classname="core/basic-navigation.spec.ts" time="33.376">
<failure message="basic-navigation.spec.ts:22:7 should load auth page" type="FAILURE">
<![CDATA[  [firefox-inline] â€º core/basic-navigation.spec.ts:22:7 â€º Basic Navigation â€º should load auth page â”€

    Test timeout of 30000ms exceeded.

    Error: page.goto: Test timeout of 30000ms exceeded.
    Call log:
      - navigating to "http://localhost:3002/auth", waiting until "load"


      21 |
      22 |   test('should load auth page', async ({ page }) => {
    > 23 |     await page.goto('/auth');
         |                ^
      24 |     
      25 |     // Wait for page to load
      26 |     await page.waitForLoadState('networkidle');
        at /Users/alaughingkitsune/src/Choices/web/tests/playwright/e2e/core/basic-navigation.spec.ts:23:16

    attachment #1: screenshot (image/png) â”€â”€â”€â”€â”€â”€â”€â”€â”€â”€â”€â”€â”€â”€â”€â”€â”€â”€â”€â”€â”€â”€â”€â”€â”€â”€â”€â”€â”€â”€â”€â”€â”€â”€â”€â”€â”€â”€â”€â”€â”€â”€â”€â”€â”€â”€â”€â”€â”€â”€â”€â”€â”€â”€â”€â”€â”€â”€
    ../../../test-results/core-basic-navigation-Basic-Navigation-should-load-auth-page-firefox-inline/test-failed-1.png
    â”€â”€â”€â”€â”€â”€â”€â”€â”€â”€â”€â”€â”€â”€â”€â”€â”€â”€â”€â”€â”€â”€â”€â”€â”€â”€â”€â”€â”€â”€â”€â”€â”€â”€â”€â”€â”€â”€â”€â”€â”€â”€â”€â”€â”€â”€â”€â”€â”€â”€â”€â”€â”€â”€â”€â”€â”€â”€â”€â”€â”€â”€â”€â”€â”€â”€â”€â”€â”€â”€â”€â”€â”€â”€â”€â”€â”€â”€â”€â”€â”€â”€â”€â”€â”€â”€â”€â”€â”€â”€â”€â”€â”€â”€â”€â”€

    attachment #2: video (video/webm) â”€â”€â”€â”€â”€â”€â”€â”€â”€â”€â”€â”€â”€â”€â”€â”€â”€â”€â”€â”€â”€â”€â”€â”€â”€â”€â”€â”€â”€â”€â”€â”€â”€â”€â”€â”€â”€â”€â”€â”€â”€â”€â”€â”€â”€â”€â”€â”€â”€â”€â”€â”€â”€â”€â”€â”€â”€â”€â”€â”€â”€â”€
    ../../../test-results/core-basic-navigation-Basic-Navigation-should-load-auth-page-firefox-inline/video.webm
    â”€â”€â”€â”€â”€â”€â”€â”€â”€â”€â”€â”€â”€â”€â”€â”€â”€â”€â”€â”€â”€â”€â”€â”€â”€â”€â”€â”€â”€â”€â”€â”€â”€â”€â”€â”€â”€â”€â”€â”€â”€â”€â”€â”€â”€â”€â”€â”€â”€â”€â”€â”€â”€â”€â”€â”€â”€â”€â”€â”€â”€â”€â”€â”€â”€â”€â”€â”€â”€â”€â”€â”€â”€â”€â”€â”€â”€â”€â”€â”€â”€â”€â”€â”€â”€â”€â”€â”€â”€â”€â”€â”€â”€â”€â”€â”€

    Error Context: ../../../test-results/core-basic-navigation-Basic-Navigation-should-load-auth-page-firefox-inline/error-context.md
]]>
</failure>
<system-out>
<![CDATA[
[[ATTACHMENT|../../../test-results/core-basic-navigation-Basic-Navigation-should-load-auth-page-firefox-inline/test-failed-1.png]]

[[ATTACHMENT|../../../test-results/core-basic-navigation-Basic-Navigation-should-load-auth-page-firefox-inline/video.webm]]

[[ATTACHMENT|../../../test-results/core-basic-navigation-Basic-Navigation-should-load-auth-page-firefox-inline/error-context.md]]
]]>
</system-out>
</testcase>
</testsuite>
<testsuite name="core/onboarding-flow.spec.ts" timestamp="2025-10-20T17:44:51.200Z" hostname="firefox-inline" tests="3" failures="3" skipped="0" time="95.558" errors="0">
<testcase name="Onboarding Flow â€º should load onboarding page" classname="core/onboarding-flow.spec.ts" time="23.585">
<failure message="onboarding-flow.spec.ts:5:7 should load onboarding page" type="FAILURE">
<![CDATA[  [firefox-inline] â€º core/onboarding-flow.spec.ts:5:7 â€º Onboarding Flow â€º should load onboarding page 

    Error: Rate limiting is working correctly - this is expected behavior for security

       at helpers/auth-helper.ts:100

       98 |       console.log(`â³ Rate limited detected - this is expected behavior!`);
       99 |       console.log(`âœ… Test is working correctly - rate limiting is functioning as designed`);
    > 100 |       throw new Error('Rate limiting is working correctly - this is expected behavior for security');
          |             ^
      101 |     }
      102 |     
      103 |     // Fill in login form using the correct selectors
        at Function.authenticateUser (/Users/alaughingkitsune/src/Choices/web/tests/playwright/e2e/helpers/auth-helper.ts:100:13)
        at /Users/alaughingkitsune/src/Choices/web/tests/playwright/e2e/core/onboarding-flow.spec.ts:7:5

    attachment #1: screenshot (image/png) â”€â”€â”€â”€â”€â”€â”€â”€â”€â”€â”€â”€â”€â”€â”€â”€â”€â”€â”€â”€â”€â”€â”€â”€â”€â”€â”€â”€â”€â”€â”€â”€â”€â”€â”€â”€â”€â”€â”€â”€â”€â”€â”€â”€â”€â”€â”€â”€â”€â”€â”€â”€â”€â”€â”€â”€â”€â”€
    ../../../test-results/core-onboarding-flow-Onboa-0476e-should-load-onboarding-page-firefox-inline/test-failed-1.png
    â”€â”€â”€â”€â”€â”€â”€â”€â”€â”€â”€â”€â”€â”€â”€â”€â”€â”€â”€â”€â”€â”€â”€â”€â”€â”€â”€â”€â”€â”€â”€â”€â”€â”€â”€â”€â”€â”€â”€â”€â”€â”€â”€â”€â”€â”€â”€â”€â”€â”€â”€â”€â”€â”€â”€â”€â”€â”€â”€â”€â”€â”€â”€â”€â”€â”€â”€â”€â”€â”€â”€â”€â”€â”€â”€â”€â”€â”€â”€â”€â”€â”€â”€â”€â”€â”€â”€â”€â”€â”€â”€â”€â”€â”€â”€â”€

    attachment #2: video (video/webm) â”€â”€â”€â”€â”€â”€â”€â”€â”€â”€â”€â”€â”€â”€â”€â”€â”€â”€â”€â”€â”€â”€â”€â”€â”€â”€â”€â”€â”€â”€â”€â”€â”€â”€â”€â”€â”€â”€â”€â”€â”€â”€â”€â”€â”€â”€â”€â”€â”€â”€â”€â”€â”€â”€â”€â”€â”€â”€â”€â”€â”€â”€
    ../../../test-results/core-onboarding-flow-Onboa-0476e-should-load-onboarding-page-firefox-inline/video.webm
    â”€â”€â”€â”€â”€â”€â”€â”€â”€â”€â”€â”€â”€â”€â”€â”€â”€â”€â”€â”€â”€â”€â”€â”€â”€â”€â”€â”€â”€â”€â”€â”€â”€â”€â”€â”€â”€â”€â”€â”€â”€â”€â”€â”€â”€â”€â”€â”€â”€â”€â”€â”€â”€â”€â”€â”€â”€â”€â”€â”€â”€â”€â”€â”€â”€â”€â”€â”€â”€â”€â”€â”€â”€â”€â”€â”€â”€â”€â”€â”€â”€â”€â”€â”€â”€â”€â”€â”€â”€â”€â”€â”€â”€â”€â”€â”€

    Error Context: ../../../test-results/core-onboarding-flow-Onboa-0476e-should-load-onboarding-page-firefox-inline/error-context.md
]]>
</failure>
<system-out>
<![CDATA[ğŸ” Attempting to authenticate user: test@example.com
ğŸ§¹ Clearing authentication state...
âš ï¸ Could not clear storage: Error: page.evaluate: The operation is insecure.
@debugger eval code line 290 > eval:2:13
evaluate@debugger eval code:292:16
@debugger eval code:1:44

ğŸ“ Navigated to auth page: http://localhost:3002/auth?e2e=1
â³ Rate limited detected - this is expected behavior!
âœ… Test is working correctly - rate limiting is functioning as designed

[[ATTACHMENT|../../../test-results/core-onboarding-flow-Onboa-0476e-should-load-onboarding-page-firefox-inline/test-failed-1.png]]

[[ATTACHMENT|../../../test-results/core-onboarding-flow-Onboa-0476e-should-load-onboarding-page-firefox-inline/video.webm]]

[[ATTACHMENT|../../../test-results/core-onboarding-flow-Onboa-0476e-should-load-onboarding-page-firefox-inline/error-context.md]]
]]>
</system-out>
</testcase>
<testcase name="Onboarding Flow â€º should show onboarding steps" classname="core/onboarding-flow.spec.ts" time="37.211">
<failure message="onboarding-flow.spec.ts:17:7 should show onboarding steps" type="FAILURE">
<![CDATA[  [firefox-inline] â€º core/onboarding-flow.spec.ts:17:7 â€º Onboarding Flow â€º should show onboarding steps 

    Test timeout of 30000ms exceeded.

    Error: Rate limiting is working correctly - this is expected behavior for security

       at helpers/auth-helper.ts:100

       98 |       console.log(`â³ Rate limited detected - this is expected behavior!`);
       99 |       console.log(`âœ… Test is working correctly - rate limiting is functioning as designed`);
    > 100 |       throw new Error('Rate limiting is working correctly - this is expected behavior for security');
          |             ^
      101 |     }
      102 |     
      103 |     // Fill in login form using the correct selectors
        at Function.authenticateUser (/Users/alaughingkitsune/src/Choices/web/tests/playwright/e2e/helpers/auth-helper.ts:100:13)
        at /Users/alaughingkitsune/src/Choices/web/tests/playwright/e2e/core/onboarding-flow.spec.ts:19:5

    attachment #1: screenshot (image/png) â”€â”€â”€â”€â”€â”€â”€â”€â”€â”€â”€â”€â”€â”€â”€â”€â”€â”€â”€â”€â”€â”€â”€â”€â”€â”€â”€â”€â”€â”€â”€â”€â”€â”€â”€â”€â”€â”€â”€â”€â”€â”€â”€â”€â”€â”€â”€â”€â”€â”€â”€â”€â”€â”€â”€â”€â”€â”€
    ../../../test-results/core-onboarding-flow-Onboa-acb57-hould-show-onboarding-steps-firefox-inline/test-failed-1.png
    â”€â”€â”€â”€â”€â”€â”€â”€â”€â”€â”€â”€â”€â”€â”€â”€â”€â”€â”€â”€â”€â”€â”€â”€â”€â”€â”€â”€â”€â”€â”€â”€â”€â”€â”€â”€â”€â”€â”€â”€â”€â”€â”€â”€â”€â”€â”€â”€â”€â”€â”€â”€â”€â”€â”€â”€â”€â”€â”€â”€â”€â”€â”€â”€â”€â”€â”€â”€â”€â”€â”€â”€â”€â”€â”€â”€â”€â”€â”€â”€â”€â”€â”€â”€â”€â”€â”€â”€â”€â”€â”€â”€â”€â”€â”€â”€

    attachment #2: video (video/webm) â”€â”€â”€â”€â”€â”€â”€â”€â”€â”€â”€â”€â”€â”€â”€â”€â”€â”€â”€â”€â”€â”€â”€â”€â”€â”€â”€â”€â”€â”€â”€â”€â”€â”€â”€â”€â”€â”€â”€â”€â”€â”€â”€â”€â”€â”€â”€â”€â”€â”€â”€â”€â”€â”€â”€â”€â”€â”€â”€â”€â”€â”€
    ../../../test-results/core-onboarding-flow-Onboa-acb57-hould-show-onboarding-steps-firefox-inline/video.webm
    â”€â”€â”€â”€â”€â”€â”€â”€â”€â”€â”€â”€â”€â”€â”€â”€â”€â”€â”€â”€â”€â”€â”€â”€â”€â”€â”€â”€â”€â”€â”€â”€â”€â”€â”€â”€â”€â”€â”€â”€â”€â”€â”€â”€â”€â”€â”€â”€â”€â”€â”€â”€â”€â”€â”€â”€â”€â”€â”€â”€â”€â”€â”€â”€â”€â”€â”€â”€â”€â”€â”€â”€â”€â”€â”€â”€â”€â”€â”€â”€â”€â”€â”€â”€â”€â”€â”€â”€â”€â”€â”€â”€â”€â”€â”€â”€

    Error Context: ../../../test-results/core-onboarding-flow-Onboa-acb57-hould-show-onboarding-steps-firefox-inline/error-context.md
]]>
</failure>
<system-out>
<![CDATA[ğŸ” Attempting to authenticate user: test@example.com
ğŸ§¹ Clearing authentication state...
âš ï¸ Could not clear storage: Error: page.evaluate: The operation is insecure.
@debugger eval code line 290 > eval:2:13
evaluate@debugger eval code:292:16
@debugger eval code:1:44

ğŸ“ Navigated to auth page: http://localhost:3002/auth?e2e=1
â³ Rate limited detected - this is expected behavior!
âœ… Test is working correctly - rate limiting is functioning as designed

[[ATTACHMENT|../../../test-results/core-onboarding-flow-Onboa-acb57-hould-show-onboarding-steps-firefox-inline/test-failed-1.png]]

[[ATTACHMENT|../../../test-results/core-onboarding-flow-Onboa-acb57-hould-show-onboarding-steps-firefox-inline/video.webm]]

[[ATTACHMENT|../../../test-results/core-onboarding-flow-Onboa-acb57-hould-show-onboarding-steps-firefox-inline/error-context.md]]
]]>
</system-out>
</testcase>
<testcase name="Onboarding Flow â€º should handle onboarding steps" classname="core/onboarding-flow.spec.ts" time="34.762">
<failure message="onboarding-flow.spec.ts:38:7 should handle onboarding steps" type="FAILURE">
<![CDATA[  [firefox-inline] â€º core/onboarding-flow.spec.ts:38:7 â€º Onboarding Flow â€º should handle onboarding steps 

    Test timeout of 30000ms exceeded.

    Error: page.goto: Test timeout of 30000ms exceeded.
    Call log:
      - navigating to "http://localhost:3002/auth?e2e=1", waiting until "load"


       at helpers/auth-helper.ts:91

      89 |     
      90 |     // Navigate to auth page with E2E bypass query parameter
    > 91 |     await page.goto('/auth?e2e=1');
         |                ^
      92 |     await page.waitForLoadState('networkidle');
      93 |     console.log(`ğŸ“ Navigated to auth page: ${page.url()}`);
      94 |     
        at Function.authenticateUser (/Users/alaughingkitsune/src/Choices/web/tests/playwright/e2e/helpers/auth-helper.ts:91:16)
        at /Users/alaughingkitsune/src/Choices/web/tests/playwright/e2e/core/onboarding-flow.spec.ts:40:5

    attachment #1: screenshot (image/png) â”€â”€â”€â”€â”€â”€â”€â”€â”€â”€â”€â”€â”€â”€â”€â”€â”€â”€â”€â”€â”€â”€â”€â”€â”€â”€â”€â”€â”€â”€â”€â”€â”€â”€â”€â”€â”€â”€â”€â”€â”€â”€â”€â”€â”€â”€â”€â”€â”€â”€â”€â”€â”€â”€â”€â”€â”€â”€
    ../../../test-results/core-onboarding-flow-Onboa-25f49-uld-handle-onboarding-steps-firefox-inline/test-failed-1.png
    â”€â”€â”€â”€â”€â”€â”€â”€â”€â”€â”€â”€â”€â”€â”€â”€â”€â”€â”€â”€â”€â”€â”€â”€â”€â”€â”€â”€â”€â”€â”€â”€â”€â”€â”€â”€â”€â”€â”€â”€â”€â”€â”€â”€â”€â”€â”€â”€â”€â”€â”€â”€â”€â”€â”€â”€â”€â”€â”€â”€â”€â”€â”€â”€â”€â”€â”€â”€â”€â”€â”€â”€â”€â”€â”€â”€â”€â”€â”€â”€â”€â”€â”€â”€â”€â”€â”€â”€â”€â”€â”€â”€â”€â”€â”€â”€

    attachment #2: video (video/webm) â”€â”€â”€â”€â”€â”€â”€â”€â”€â”€â”€â”€â”€â”€â”€â”€â”€â”€â”€â”€â”€â”€â”€â”€â”€â”€â”€â”€â”€â”€â”€â”€â”€â”€â”€â”€â”€â”€â”€â”€â”€â”€â”€â”€â”€â”€â”€â”€â”€â”€â”€â”€â”€â”€â”€â”€â”€â”€â”€â”€â”€â”€
    ../../../test-results/core-onboarding-flow-Onboa-25f49-uld-handle-onboarding-steps-firefox-inline/video.webm
    â”€â”€â”€â”€â”€â”€â”€â”€â”€â”€â”€â”€â”€â”€â”€â”€â”€â”€â”€â”€â”€â”€â”€â”€â”€â”€â”€â”€â”€â”€â”€â”€â”€â”€â”€â”€â”€â”€â”€â”€â”€â”€â”€â”€â”€â”€â”€â”€â”€â”€â”€â”€â”€â”€â”€â”€â”€â”€â”€â”€â”€â”€â”€â”€â”€â”€â”€â”€â”€â”€â”€â”€â”€â”€â”€â”€â”€â”€â”€â”€â”€â”€â”€â”€â”€â”€â”€â”€â”€â”€â”€â”€â”€â”€â”€â”€

    Error Context: ../../../test-results/core-onboarding-flow-Onboa-25f49-uld-handle-onboarding-steps-firefox-inline/error-context.md
]]>
</failure>
<system-out>
<![CDATA[ğŸ” Attempting to authenticate user: test@example.com
ğŸ§¹ Clearing authentication state...
âš ï¸ Could not clear storage: Error: page.evaluate: The operation is insecure.
@debugger eval code line 290 > eval:2:13
evaluate@debugger eval code:292:16
@debugger eval code:1:44


[[ATTACHMENT|../../../test-results/core-onboarding-flow-Onboa-25f49-uld-handle-onboarding-steps-firefox-inline/test-failed-1.png]]

[[ATTACHMENT|../../../test-results/core-onboarding-flow-Onboa-25f49-uld-handle-onboarding-steps-firefox-inline/video.webm]]

[[ATTACHMENT|../../../test-results/core-onboarding-flow-Onboa-25f49-uld-handle-onboarding-steps-firefox-inline/error-context.md]]
]]>
</system-out>
</testcase>
</testsuite>
<testsuite name="core/webauthn-functionality.spec.ts" timestamp="2025-10-20T17:44:51.200Z" hostname="firefox-inline" tests="9" failures="3" skipped="0" time="178.475" errors="0">
<testcase name="WebAuthn Functionality â€º should load WebAuthn components" classname="core/webauthn-functionality.spec.ts" time="36.185">
<failure message="webauthn-functionality.spec.ts:20:7 should load WebAuthn components" type="FAILURE">
<![CDATA[  [firefox-inline] â€º core/webauthn-functionality.spec.ts:20:7 â€º WebAuthn Functionality â€º should load WebAuthn components 

    Test timeout of 30000ms exceeded while running "beforeEach" hook.

      12 |
      13 | test.describe('WebAuthn Functionality', () => {
    > 14 |   test.beforeEach(async ({ page }) => {
         |        ^
      15 |     // Navigate to auth page before each test
      16 |     await page.goto('/auth');
      17 |     await page.waitForLoadState('networkidle');
        at /Users/alaughingkitsune/src/Choices/web/tests/playwright/e2e/core/webauthn-functionality.spec.ts:14:8

    attachment #1: screenshot (image/png) â”€â”€â”€â”€â”€â”€â”€â”€â”€â”€â”€â”€â”€â”€â”€â”€â”€â”€â”€â”€â”€â”€â”€â”€â”€â”€â”€â”€â”€â”€â”€â”€â”€â”€â”€â”€â”€â”€â”€â”€â”€â”€â”€â”€â”€â”€â”€â”€â”€â”€â”€â”€â”€â”€â”€â”€â”€â”€
    ../../../test-results/core-webauthn-functionalit-abf34-ld-load-WebAuthn-components-firefox-inline/test-failed-1.png
    â”€â”€â”€â”€â”€â”€â”€â”€â”€â”€â”€â”€â”€â”€â”€â”€â”€â”€â”€â”€â”€â”€â”€â”€â”€â”€â”€â”€â”€â”€â”€â”€â”€â”€â”€â”€â”€â”€â”€â”€â”€â”€â”€â”€â”€â”€â”€â”€â”€â”€â”€â”€â”€â”€â”€â”€â”€â”€â”€â”€â”€â”€â”€â”€â”€â”€â”€â”€â”€â”€â”€â”€â”€â”€â”€â”€â”€â”€â”€â”€â”€â”€â”€â”€â”€â”€â”€â”€â”€â”€â”€â”€â”€â”€â”€â”€

    attachment #2: video (video/webm) â”€â”€â”€â”€â”€â”€â”€â”€â”€â”€â”€â”€â”€â”€â”€â”€â”€â”€â”€â”€â”€â”€â”€â”€â”€â”€â”€â”€â”€â”€â”€â”€â”€â”€â”€â”€â”€â”€â”€â”€â”€â”€â”€â”€â”€â”€â”€â”€â”€â”€â”€â”€â”€â”€â”€â”€â”€â”€â”€â”€â”€â”€
    ../../../test-results/core-webauthn-functionalit-abf34-ld-load-WebAuthn-components-firefox-inline/video.webm
    â”€â”€â”€â”€â”€â”€â”€â”€â”€â”€â”€â”€â”€â”€â”€â”€â”€â”€â”€â”€â”€â”€â”€â”€â”€â”€â”€â”€â”€â”€â”€â”€â”€â”€â”€â”€â”€â”€â”€â”€â”€â”€â”€â”€â”€â”€â”€â”€â”€â”€â”€â”€â”€â”€â”€â”€â”€â”€â”€â”€â”€â”€â”€â”€â”€â”€â”€â”€â”€â”€â”€â”€â”€â”€â”€â”€â”€â”€â”€â”€â”€â”€â”€â”€â”€â”€â”€â”€â”€â”€â”€â”€â”€â”€â”€â”€

    Error Context: ../../../test-results/core-webauthn-functionalit-abf34-ld-load-WebAuthn-components-firefox-inline/error-context.md
]]>
</failure>
<system-out>
<![CDATA[
[[ATTACHMENT|../../../test-results/core-webauthn-functionalit-abf34-ld-load-WebAuthn-components-firefox-inline/test-failed-1.png]]

[[ATTACHMENT|../../../test-results/core-webauthn-functionalit-abf34-ld-load-WebAuthn-components-firefox-inline/video.webm]]

[[ATTACHMENT|../../../test-results/core-webauthn-functionalit-abf34-ld-load-WebAuthn-components-firefox-inline/error-context.md]]
]]>
</system-out>
</testcase>
<testcase name="WebAuthn Functionality â€º should show WebAuthn registration options" classname="core/webauthn-functionality.spec.ts" time="25.105">
</testcase>
<testcase name="WebAuthn Functionality â€º should show WebAuthn login options" classname="core/webauthn-functionality.spec.ts" time="32.499">
</testcase>
<testcase name="WebAuthn Functionality â€º should handle WebAuthn registration flow" classname="core/webauthn-functionality.spec.ts" time="19.986">
</testcase>
<testcase name="WebAuthn Functionality â€º should handle WebAuthn authentication flow" classname="core/webauthn-functionality.spec.ts" time="13.253">
</testcase>
<testcase name="WebAuthn Functionality â€º should handle WebAuthn errors gracefully" classname="core/webauthn-functionality.spec.ts" time="12.902">
</testcase>
<testcase name="WebAuthn Functionality â€º should support WebAuthn browser compatibility" classname="core/webauthn-functionality.spec.ts" time="8.967">
<failure message="webauthn-functionality.spec.ts:168:7 should support WebAuthn browser compatibility" type="FAILURE">
<![CDATA[  [firefox-inline] â€º core/webauthn-functionality.spec.ts:168:7 â€º WebAuthn Functionality â€º should support WebAuthn browser compatibility 

    Error: expect(received).toBeGreaterThan(expected)

    Expected: > 0
    Received:   0

      180 |       
      181 |       // Should have WebAuthn UI elements
    > 182 |       expect(passkeyElements.length + passkeyButtons.length).toBeGreaterThan(0);
          |                                                              ^
      183 |     } else {
      184 |       // WebAuthn not supported, should show fallback
      185 |       const fallbackElements = await page.locator('[data-testid*="fallback"], [data-testid*="alternative"]').all();
        at /Users/alaughingkitsune/src/Choices/web/tests/playwright/e2e/core/webauthn-functionality.spec.ts:182:62

    attachment #1: screenshot (image/png) â”€â”€â”€â”€â”€â”€â”€â”€â”€â”€â”€â”€â”€â”€â”€â”€â”€â”€â”€â”€â”€â”€â”€â”€â”€â”€â”€â”€â”€â”€â”€â”€â”€â”€â”€â”€â”€â”€â”€â”€â”€â”€â”€â”€â”€â”€â”€â”€â”€â”€â”€â”€â”€â”€â”€â”€â”€â”€
    ../../../test-results/core-webauthn-functionalit-b5496-Authn-browser-compatibility-firefox-inline/test-failed-1.png
    â”€â”€â”€â”€â”€â”€â”€â”€â”€â”€â”€â”€â”€â”€â”€â”€â”€â”€â”€â”€â”€â”€â”€â”€â”€â”€â”€â”€â”€â”€â”€â”€â”€â”€â”€â”€â”€â”€â”€â”€â”€â”€â”€â”€â”€â”€â”€â”€â”€â”€â”€â”€â”€â”€â”€â”€â”€â”€â”€â”€â”€â”€â”€â”€â”€â”€â”€â”€â”€â”€â”€â”€â”€â”€â”€â”€â”€â”€â”€â”€â”€â”€â”€â”€â”€â”€â”€â”€â”€â”€â”€â”€â”€â”€â”€â”€

    attachment #2: video (video/webm) â”€â”€â”€â”€â”€â”€â”€â”€â”€â”€â”€â”€â”€â”€â”€â”€â”€â”€â”€â”€â”€â”€â”€â”€â”€â”€â”€â”€â”€â”€â”€â”€â”€â”€â”€â”€â”€â”€â”€â”€â”€â”€â”€â”€â”€â”€â”€â”€â”€â”€â”€â”€â”€â”€â”€â”€â”€â”€â”€â”€â”€â”€
    ../../../test-results/core-webauthn-functionalit-b5496-Authn-browser-compatibility-firefox-inline/video.webm
    â”€â”€â”€â”€â”€â”€â”€â”€â”€â”€â”€â”€â”€â”€â”€â”€â”€â”€â”€â”€â”€â”€â”€â”€â”€â”€â”€â”€â”€â”€â”€â”€â”€â”€â”€â”€â”€â”€â”€â”€â”€â”€â”€â”€â”€â”€â”€â”€â”€â”€â”€â”€â”€â”€â”€â”€â”€â”€â”€â”€â”€â”€â”€â”€â”€â”€â”€â”€â”€â”€â”€â”€â”€â”€â”€â”€â”€â”€â”€â”€â”€â”€â”€â”€â”€â”€â”€â”€â”€â”€â”€â”€â”€â”€â”€â”€

    Error Context: ../../../test-results/core-webauthn-functionalit-b5496-Authn-browser-compatibility-firefox-inline/error-context.md
]]>
</failure>
<system-out>
<![CDATA[
[[ATTACHMENT|../../../test-results/core-webauthn-functionalit-b5496-Authn-browser-compatibility-firefox-inline/test-failed-1.png]]

[[ATTACHMENT|../../../test-results/core-webauthn-functionalit-b5496-Authn-browser-compatibility-firefox-inline/video.webm]]

[[ATTACHMENT|../../../test-results/core-webauthn-functionalit-b5496-Authn-browser-compatibility-firefox-inline/error-context.md]]
]]>
</system-out>
</testcase>
<testcase name="WebAuthn Functionality â€º should handle WebAuthn user interaction" classname="core/webauthn-functionality.spec.ts" time="15.233">
</testcase>
<testcase name="WebAuthn Functionality â€º should validate WebAuthn form integration" classname="core/webauthn-functionality.spec.ts" time="14.345">
<failure message="webauthn-functionality.spec.ts:216:7 should validate WebAuthn form integration" type="FAILURE">
<![CDATA[  [firefox-inline] â€º core/webauthn-functionality.spec.ts:216:7 â€º WebAuthn Functionality â€º should validate WebAuthn form integration 

    Error: expect(received).toBeGreaterThan(expected)

    Expected: > 0
    Received:   0

      221 |     // Should have forms and WebAuthn buttons
      222 |     expect(forms.length).toBeGreaterThan(0);
    > 223 |     expect(passkeyButtons.length).toBeGreaterThan(0);
          |                                   ^
      224 |     
      225 |     // WebAuthn buttons should be within or associated with forms
      226 |     for (const button of passkeyButtons) {
        at /Users/alaughingkitsune/src/Choices/web/tests/playwright/e2e/core/webauthn-functionality.spec.ts:223:35

    attachment #1: screenshot (image/png) â”€â”€â”€â”€â”€â”€â”€â”€â”€â”€â”€â”€â”€â”€â”€â”€â”€â”€â”€â”€â”€â”€â”€â”€â”€â”€â”€â”€â”€â”€â”€â”€â”€â”€â”€â”€â”€â”€â”€â”€â”€â”€â”€â”€â”€â”€â”€â”€â”€â”€â”€â”€â”€â”€â”€â”€â”€â”€
    ../../../test-results/core-webauthn-functionalit-f1b1f-e-WebAuthn-form-integration-firefox-inline/test-failed-1.png
    â”€â”€â”€â”€â”€â”€â”€â”€â”€â”€â”€â”€â”€â”€â”€â”€â”€â”€â”€â”€â”€â”€â”€â”€â”€â”€â”€â”€â”€â”€â”€â”€â”€â”€â”€â”€â”€â”€â”€â”€â”€â”€â”€â”€â”€â”€â”€â”€â”€â”€â”€â”€â”€â”€â”€â”€â”€â”€â”€â”€â”€â”€â”€â”€â”€â”€â”€â”€â”€â”€â”€â”€â”€â”€â”€â”€â”€â”€â”€â”€â”€â”€â”€â”€â”€â”€â”€â”€â”€â”€â”€â”€â”€â”€â”€â”€

    attachment #2: video (video/webm) â”€â”€â”€â”€â”€â”€â”€â”€â”€â”€â”€â”€â”€â”€â”€â”€â”€â”€â”€â”€â”€â”€â”€â”€â”€â”€â”€â”€â”€â”€â”€â”€â”€â”€â”€â”€â”€â”€â”€â”€â”€â”€â”€â”€â”€â”€â”€â”€â”€â”€â”€â”€â”€â”€â”€â”€â”€â”€â”€â”€â”€â”€
    ../../../test-results/core-webauthn-functionalit-f1b1f-e-WebAuthn-form-integration-firefox-inline/video.webm
    â”€â”€â”€â”€â”€â”€â”€â”€â”€â”€â”€â”€â”€â”€â”€â”€â”€â”€â”€â”€â”€â”€â”€â”€â”€â”€â”€â”€â”€â”€â”€â”€â”€â”€â”€â”€â”€â”€â”€â”€â”€â”€â”€â”€â”€â”€â”€â”€â”€â”€â”€â”€â”€â”€â”€â”€â”€â”€â”€â”€â”€â”€â”€â”€â”€â”€â”€â”€â”€â”€â”€â”€â”€â”€â”€â”€â”€â”€â”€â”€â”€â”€â”€â”€â”€â”€â”€â”€â”€â”€â”€â”€â”€â”€â”€â”€

    Error Context: ../../../test-results/core-webauthn-functionalit-f1b1f-e-WebAuthn-form-integration-firefox-inline/error-context.md
]]>
</failure>
<system-out>
<![CDATA[
[[ATTACHMENT|../../../test-results/core-webauthn-functionalit-f1b1f-e-WebAuthn-form-integration-firefox-inline/test-failed-1.png]]

[[ATTACHMENT|../../../test-results/core-webauthn-functionalit-f1b1f-e-WebAuthn-form-integration-firefox-inline/video.webm]]

[[ATTACHMENT|../../../test-results/core-webauthn-functionalit-f1b1f-e-WebAuthn-form-integration-firefox-inline/error-context.md]]
]]>
</system-out>
</testcase>
</testsuite>
</testsuites>