
> types:strict
> tsc -p tsconfig.json --noEmit --skipLibCheck

shared/core/performance/lib/component-optimization.tsx(23,3): error TS4114: This member must have an 'override' modifier because it overrides a member in the base class 'Component<{ fallback?: ReactNode | ((_e: unknown) => ReactNode); children: ReactNode; }, { error: unknown; }, any>'.
shared/core/performance/lib/component-optimization.tsx(24,19): error TS4113: This member cannot have an 'override' modifier because it is not declared in the base class 'Component<{ fallback?: ReactNode | ((_e: unknown) => ReactNode); children: ReactNode; }, { error: unknown; }, any>'.
tests/unit/finalize-manager.test.ts(33,41): error TS2345: Argument of type 'any' is not assignable to parameter of type 'never'.
tests/unit/finalize-manager.test.ts(34,39): error TS2345: Argument of type 'any' is not assignable to parameter of type 'never'.
tests/unit/finalize-manager.test.ts(45,51): error TS2345: Argument of type 'any' is not assignable to parameter of type 'never'.
tests/unit/finalize-manager.test.ts(404,55): error TS2345: Argument of type 'Error' is not assignable to parameter of type 'never'.
tests/unit/finalize-manager.test.ts(473,28): error TS2345: Argument of type 'null' is not assignable to parameter of type 'never'.
tests/unit/vote-engine.test.ts(258,51): error TS2345: Argument of type 'any' is not assignable to parameter of type 'never'.
tests/unit/vote-engine.test.ts(337,55): error TS2345: Argument of type 'any' is not assignable to parameter of type 'never'.
